  [1m[36m (2.0ms)[0m  [1mCREATE TABLE "schema_migrations" ("version" character varying(255) NOT NULL) [0m
  [1m[35m (1.2ms)[0m  CREATE UNIQUE INDEX  "unique_schema_migrations" ON "schema_migrations"  ("version")
  [1m[36mActiveRecord::SchemaMigration Load (0.3ms)[0m  [1mSELECT "schema_migrations".* FROM "schema_migrations"[0m
Migrating to CreateCategories (20141211213752)
  [1m[35m (0.1ms)[0m  BEGIN
  [1m[36m (2.5ms)[0m  [1mCREATE TABLE "categories" ("id" serial primary key, "name" character varying(255), "created_at" timestamp, "updated_at" timestamp) [0m
  [1m[35mSQL (0.3ms)[0m  INSERT INTO "schema_migrations" ("version") VALUES ($1)  [["version", "20141211213752"]]
  [1m[36m (0.4ms)[0m  [1mCOMMIT[0m
Migrating to CreateUsers (20141211214447)
  [1m[35m (0.2ms)[0m  BEGIN
  [1m[36m (2.6ms)[0m  [1mCREATE TABLE "users" ("id" serial primary key, "username" character varying(255), "email" character varying(255), "password_digest" character varying(255), "created_at" timestamp, "updated_at" timestamp) [0m
  [1m[35mSQL (0.2ms)[0m  INSERT INTO "schema_migrations" ("version") VALUES ($1)  [["version", "20141211214447"]]
  [1m[36m (0.5ms)[0m  [1mCOMMIT[0m
Migrating to CreatePosts (20141211214859)
  [1m[35m (0.3ms)[0m  BEGIN
  [1m[36m (2.8ms)[0m  [1mCREATE TABLE "posts" ("id" serial primary key, "title" character varying(255), "content" text, "category_id" integer, "user_id" integer, "created_at" timestamp, "updated_at" timestamp) [0m
  [1m[35mSQL (0.1ms)[0m  INSERT INTO "schema_migrations" ("version") VALUES ($1)  [["version", "20141211214859"]]
  [1m[36m (0.4ms)[0m  [1mCOMMIT[0m
Migrating to CreateComments (20141211215454)
  [1m[35m (0.2ms)[0m  BEGIN
  [1m[36m (2.4ms)[0m  [1mCREATE TABLE "comments" ("id" serial primary key, "content" text, "user_id" integer, "post_id" integer, "created_at" timestamp, "updated_at" timestamp) [0m
  [1m[35mSQL (0.1ms)[0m  INSERT INTO "schema_migrations" ("version") VALUES ($1)  [["version", "20141211215454"]]
  [1m[36m (0.4ms)[0m  [1mCOMMIT[0m
Migrating to CreateVotes (20141211215702)
  [1m[35m (0.2ms)[0m  BEGIN
  [1m[36m (1.6ms)[0m  [1mCREATE TABLE "votes" ("id" serial primary key, "user_id" integer, "voteable_id" integer, "voteable_type" character varying(255), "created_at" timestamp, "updated_at" timestamp) [0m
  [1m[35mSQL (0.1ms)[0m  INSERT INTO "schema_migrations" ("version") VALUES ($1)  [["version", "20141211215702"]]
  [1m[36m (0.3ms)[0m  [1mCOMMIT[0m
Migrating to AddParentIdToPosts (20141212154247)
  [1m[35m (0.2ms)[0m  BEGIN
  [1m[36m (2.5ms)[0m  [1mALTER TABLE "posts" ADD COLUMN "parent_id" integer[0m
  [1m[35mSQL (0.1ms)[0m  INSERT INTO "schema_migrations" ("version") VALUES ($1)  [["version", "20141212154247"]]
  [1m[36m (0.4ms)[0m  [1mCOMMIT[0m
Migrating to DropComments (20141212155702)
  [1m[35m (0.1ms)[0m  BEGIN
  [1m[36m (2.2ms)[0m  [1mDROP TABLE "comments"[0m
  [1m[35mSQL (0.3ms)[0m  INSERT INTO "schema_migrations" ("version") VALUES ($1)  [["version", "20141212155702"]]
  [1m[36m (2.2ms)[0m  [1mCOMMIT[0m
  [1m[35mActiveRecord::SchemaMigration Load (0.4ms)[0m  SELECT "schema_migrations".* FROM "schema_migrations"


Started GET "/" for 127.0.0.1 at 2014-12-12 18:43:24 -0500
  [1m[36mActiveRecord::SchemaMigration Load (0.7ms)[0m  [1mSELECT "schema_migrations".* FROM "schema_migrations"[0m
Processing by CategoriesController#index as HTML
  [1m[35mCategory Load (0.5ms)[0m  SELECT "categories".* FROM "categories"
  Rendered categories/index.html.erb within layouts/application (3.0ms)
  [1m[36mUser Load (0.6ms)[0m  [1mSELECT  "users".* FROM "users"  WHERE "users"."id" IS NULL LIMIT 1[0m
Completed 200 OK in 470ms (Views: 455.2ms | ActiveRecord: 1.1ms)


Started GET "/assets/jquery.js?body=1" for 127.0.0.1 at 2014-12-12 18:43:25 -0500


Started GET "/assets/application.js?body=1" for 127.0.0.1 at 2014-12-12 18:43:25 -0500


Started GET "/assets/application.css?body=1" for 127.0.0.1 at 2014-12-12 18:43:25 -0500


Started GET "/assets/turbolinks.js?body=1" for 127.0.0.1 at 2014-12-12 18:43:25 -0500


Started GET "/assets/jquery_ujs.js?body=1" for 127.0.0.1 at 2014-12-12 18:43:25 -0500
  [1m[36mActiveRecord::SchemaMigration Load (0.3ms)[0m  [1mSELECT "schema_migrations".* FROM "schema_migrations"[0m
  [1m[35mCategory Load (0.3ms)[0m  SELECT "categories".* FROM "categories"
  [1m[36m (0.1ms)[0m  [1mBEGIN[0m
  [1m[35mCategory Exists (0.5ms)[0m  SELECT  1 AS one FROM "categories"  WHERE "categories"."name" = 'Ruby' LIMIT 1
  [1m[36mSQL (8.6ms)[0m  [1mINSERT INTO "categories" ("created_at", "name", "updated_at") VALUES ($1, $2, $3) RETURNING "id"[0m  [["created_at", "2014-12-12 23:43:42.482165"], ["name", "Ruby"], ["updated_at", "2014-12-12 23:43:42.482165"]]
  [1m[35m (0.5ms)[0m  COMMIT
  [1m[36m (0.1ms)[0m  [1mBEGIN[0m
  [1m[35mCategory Exists (0.6ms)[0m  SELECT  1 AS one FROM "categories"  WHERE "categories"."name" = 'Javascript' LIMIT 1
  [1m[36mSQL (0.2ms)[0m  [1mINSERT INTO "categories" ("created_at", "name", "updated_at") VALUES ($1, $2, $3) RETURNING "id"[0m  [["created_at", "2014-12-12 23:43:42.496510"], ["name", "Javascript"], ["updated_at", "2014-12-12 23:43:42.496510"]]
  [1m[35m (0.3ms)[0m  COMMIT
  [1m[36m (0.1ms)[0m  [1mBEGIN[0m
  [1m[35mCategory Exists (0.2ms)[0m  SELECT  1 AS one FROM "categories"  WHERE "categories"."name" = 'C++' LIMIT 1
  [1m[36mSQL (0.2ms)[0m  [1mINSERT INTO "categories" ("created_at", "name", "updated_at") VALUES ($1, $2, $3) RETURNING "id"[0m  [["created_at", "2014-12-12 23:43:42.499016"], ["name", "C++"], ["updated_at", "2014-12-12 23:43:42.499016"]]
  [1m[35m (0.3ms)[0m  COMMIT
  [1m[36m (0.1ms)[0m  [1mBEGIN[0m
  [1m[35mCategory Exists (0.2ms)[0m  SELECT  1 AS one FROM "categories"  WHERE "categories"."name" = 'Python' LIMIT 1
  [1m[36mSQL (0.2ms)[0m  [1mINSERT INTO "categories" ("created_at", "name", "updated_at") VALUES ($1, $2, $3) RETURNING "id"[0m  [["created_at", "2014-12-12 23:43:42.501359"], ["name", "Python"], ["updated_at", "2014-12-12 23:43:42.501359"]]
  [1m[35m (0.3ms)[0m  COMMIT
  [1m[36m (0.1ms)[0m  [1mBEGIN[0m
  [1m[35mCategory Exists (0.2ms)[0m  SELECT  1 AS one FROM "categories"  WHERE "categories"."name" = 'PHP' LIMIT 1
  [1m[36mSQL (0.2ms)[0m  [1mINSERT INTO "categories" ("created_at", "name", "updated_at") VALUES ($1, $2, $3) RETURNING "id"[0m  [["created_at", "2014-12-12 23:43:42.503575"], ["name", "PHP"], ["updated_at", "2014-12-12 23:43:42.503575"]]
  [1m[35m (0.3ms)[0m  COMMIT


Started GET "/" for 127.0.0.1 at 2014-12-12 18:43:48 -0500
  [1m[36mActiveRecord::SchemaMigration Load (0.3ms)[0m  [1mSELECT "schema_migrations".* FROM "schema_migrations"[0m
Processing by CategoriesController#index as HTML
  [1m[35mCategory Load (0.4ms)[0m  SELECT "categories".* FROM "categories"
  Rendered categories/index.html.erb within layouts/application (6.9ms)
  [1m[36mUser Load (0.4ms)[0m  [1mSELECT  "users".* FROM "users"  WHERE "users"."id" IS NULL LIMIT 1[0m
Completed 200 OK in 95ms (Views: 79.3ms | ActiveRecord: 2.1ms)


Started GET "/assets/application.css?body=1" for 127.0.0.1 at 2014-12-12 18:43:48 -0500


Started GET "/assets/jquery.js?body=1" for 127.0.0.1 at 2014-12-12 18:43:48 -0500


Started GET "/assets/turbolinks.js?body=1" for 127.0.0.1 at 2014-12-12 18:43:48 -0500


Started GET "/assets/jquery_ujs.js?body=1" for 127.0.0.1 at 2014-12-12 18:43:48 -0500


Started GET "/assets/application.js?body=1" for 127.0.0.1 at 2014-12-12 18:43:48 -0500


Started GET "/login" for 127.0.0.1 at 2014-12-12 18:43:54 -0500
Processing by SessionsController#new as HTML
  Rendered sessions/new.html.erb within layouts/application (12.2ms)
  [1m[35mUser Load (0.4ms)[0m  SELECT  "users".* FROM "users"  WHERE "users"."id" IS NULL LIMIT 1
Completed 200 OK in 34ms (Views: 32.7ms | ActiveRecord: 0.4ms)


Started GET "/users/new" for 127.0.0.1 at 2014-12-12 18:43:55 -0500
Processing by UsersController#new as HTML
  Rendered users/new.html.erb within layouts/application (7.1ms)
  [1m[36mUser Load (0.3ms)[0m  [1mSELECT  "users".* FROM "users"  WHERE "users"."id" IS NULL LIMIT 1[0m
Completed 200 OK in 29ms (Views: 26.4ms | ActiveRecord: 1.6ms)


Started POST "/users" for 127.0.0.1 at 2014-12-12 18:44:05 -0500
Processing by UsersController#create as HTML
  Parameters: {"utf8"=>"✓", "authenticity_token"=>"TZeZgG2R/aB/U+wBcitEL7QdertDylx7gl3Myk05b24=", "user"=>{"username"=>"Z", "email"=>"Z", "password"=>"[FILTERED]", "password_confirmation"=>"[FILTERED]"}, "commit"=>"Create User"}
Unpermitted parameters: password_confirmation
  [1m[35m (0.1ms)[0m  BEGIN
  [1m[36mUser Exists (0.5ms)[0m  [1mSELECT  1 AS one FROM "users"  WHERE "users"."username" = 'Z' LIMIT 1[0m
  [1m[35mUser Exists (0.2ms)[0m  SELECT  1 AS one FROM "users"  WHERE "users"."email" = 'Z' LIMIT 1
  [1m[36m (0.1ms)[0m  [1mROLLBACK[0m
  Rendered users/new.html.erb within layouts/application (38.4ms)
  [1m[35mUser Load (0.3ms)[0m  SELECT  "users".* FROM "users"  WHERE "users"."id" IS NULL LIMIT 1
Completed 200 OK in 138ms (Views: 56.6ms | ActiveRecord: 1.1ms)


Started GET "/assets/application.css?body=1" for 127.0.0.1 at 2014-12-12 18:44:05 -0500


Started GET "/assets/application.js?body=1" for 127.0.0.1 at 2014-12-12 18:44:05 -0500


Started GET "/assets/turbolinks.js?body=1" for 127.0.0.1 at 2014-12-12 18:44:05 -0500


Started GET "/assets/jquery.js?body=1" for 127.0.0.1 at 2014-12-12 18:44:05 -0500


Started GET "/assets/jquery_ujs.js?body=1" for 127.0.0.1 at 2014-12-12 18:44:05 -0500


Started POST "/users" for 127.0.0.1 at 2014-12-12 18:44:29 -0500
Processing by UsersController#create as HTML
  Parameters: {"utf8"=>"✓", "authenticity_token"=>"TZeZgG2R/aB/U+wBcitEL7QdertDylx7gl3Myk05b24=", "user"=>{"username"=>"Z", "email"=>"zahidjethani@hotmail.com", "password"=>"[FILTERED]", "password_confirmation"=>"[FILTERED]"}, "commit"=>"Create User"}
Unpermitted parameters: password_confirmation
  [1m[36m (0.1ms)[0m  [1mBEGIN[0m
  [1m[35mUser Exists (0.2ms)[0m  SELECT  1 AS one FROM "users"  WHERE "users"."username" = 'Z' LIMIT 1
  [1m[36mUser Exists (0.1ms)[0m  [1mSELECT  1 AS one FROM "users"  WHERE "users"."email" = 'zahidjethani@hotmail.com' LIMIT 1[0m
  [1m[35mSQL (0.4ms)[0m  INSERT INTO "users" ("created_at", "email", "password_digest", "updated_at", "username") VALUES ($1, $2, $3, $4, $5) RETURNING "id"  [["created_at", "2014-12-12 23:44:29.615387"], ["email", "zahidjethani@hotmail.com"], ["password_digest", "$2a$10$QQIv1j6czlDXTwSCqHHoiOlMIiVJIumjX/8f287/exLmvfLsHjZK."], ["updated_at", "2014-12-12 23:44:29.615387"], ["username", "Z"]]
  [1m[36m (0.3ms)[0m  [1mCOMMIT[0m
Redirected to http://localhost:3000/
Completed 302 Found in 79ms (ActiveRecord: 1.3ms)


Started GET "/" for 127.0.0.1 at 2014-12-12 18:44:29 -0500
Processing by CategoriesController#index as HTML
  [1m[35mCategory Load (0.3ms)[0m  SELECT "categories".* FROM "categories"
  Rendered categories/index.html.erb within layouts/application (1.4ms)
  [1m[36mUser Load (0.4ms)[0m  [1mSELECT  "users".* FROM "users"  WHERE "users"."id" = 1 LIMIT 1[0m
Completed 200 OK in 21ms (Views: 19.4ms | ActiveRecord: 0.7ms)


Started GET "/assets/jquery.js?body=1" for 127.0.0.1 at 2014-12-12 18:44:29 -0500


Started GET "/assets/application.js?body=1" for 127.0.0.1 at 2014-12-12 18:44:29 -0500


Started GET "/assets/application.css?body=1" for 127.0.0.1 at 2014-12-12 18:44:29 -0500


Started GET "/assets/turbolinks.js?body=1" for 127.0.0.1 at 2014-12-12 18:44:29 -0500


Started GET "/assets/jquery_ujs.js?body=1" for 127.0.0.1 at 2014-12-12 18:44:29 -0500


Started GET "/categories/1/posts" for 127.0.0.1 at 2014-12-12 18:44:32 -0500
Processing by PostsController#index as HTML
  Parameters: {"category_id"=>"1"}
  [1m[35mCategory Load (0.2ms)[0m  SELECT  "categories".* FROM "categories"  WHERE "categories"."id" = $1 LIMIT 1  [["id", 1]]
  [1m[36mUser Load (0.4ms)[0m  [1mSELECT  "users".* FROM "users"  WHERE "users"."id" = 1 LIMIT 1[0m
  [1m[35mPost Load (0.3ms)[0m  SELECT "posts".* FROM "posts"  WHERE "posts"."category_id" = $1 AND "posts"."parent_id" IS NULL  [["category_id", 1]]
  Rendered posts/index.html.erb within layouts/application (3.2ms)
Completed 200 OK in 110ms (Views: 95.3ms | ActiveRecord: 1.6ms)


Started GET "/categories/1/posts/new" for 127.0.0.1 at 2014-12-12 18:44:36 -0500
Processing by PostsController#new as HTML
  Parameters: {"category_id"=>"1"}
  [1m[36mCategory Load (0.3ms)[0m  [1mSELECT  "categories".* FROM "categories"  WHERE "categories"."id" = $1 LIMIT 1[0m  [["id", 1]]
  Rendered posts/new.html.erb within layouts/application (11.4ms)
  [1m[35mUser Load (0.3ms)[0m  SELECT  "users".* FROM "users"  WHERE "users"."id" = 1 LIMIT 1
Completed 200 OK in 50ms (Views: 38.9ms | ActiveRecord: 1.7ms)


Started POST "/categories/1/posts" for 127.0.0.1 at 2014-12-12 18:44:40 -0500
Processing by PostsController#create as HTML
  Parameters: {"utf8"=>"✓", "authenticity_token"=>"TZeZgG2R/aB/U+wBcitEL7QdertDylx7gl3Myk05b24=", "post"=>{"parent_id"=>"", "title"=>"Hello", "content"=>"dalkjdkls"}, "commit"=>"Create Post", "category_id"=>"1"}
  [1m[36mCategory Load (0.2ms)[0m  [1mSELECT  "categories".* FROM "categories"  WHERE "categories"."id" = $1 LIMIT 1[0m  [["id", 1]]
  [1m[35m (0.1ms)[0m  BEGIN
  [1m[36mSQL (6.3ms)[0m  [1mINSERT INTO "posts" ("category_id", "content", "created_at", "title", "updated_at") VALUES ($1, $2, $3, $4, $5) RETURNING "id"[0m  [["category_id", 1], ["content", "dalkjdkls"], ["created_at", "2014-12-12 23:44:40.509977"], ["title", "Hello"], ["updated_at", "2014-12-12 23:44:40.509977"]]
  [1m[35m (6.0ms)[0m  COMMIT
Redirected to http://localhost:3000/categories/1/posts/1
Completed 302 Found in 18ms (ActiveRecord: 12.6ms)


Started GET "/categories/1/posts/1" for 127.0.0.1 at 2014-12-12 18:44:40 -0500
Processing by PostsController#show as HTML
  Parameters: {"category_id"=>"1", "id"=>"1"}
  [1m[36mCategory Load (0.2ms)[0m  [1mSELECT  "categories".* FROM "categories"  WHERE "categories"."id" = $1 LIMIT 1[0m  [["id", 1]]
  [1m[35mPost Load (0.3ms)[0m  SELECT  "posts".* FROM "posts"  WHERE "posts"."category_id" = $1 AND "posts"."id" = $2 LIMIT 1  [["category_id", 1], ["id", 1]]
  [1m[36mUser Load (0.3ms)[0m  [1mSELECT  "users".* FROM "users"  WHERE "users"."id" = 1 LIMIT 1[0m
  [1m[35mPost Load (0.1ms)[0m  SELECT "posts".* FROM "posts"  WHERE "posts"."parent_id" = $1  [["parent_id", 1]]
  Rendered posts/show.html.erb within layouts/application (3.7ms)
Completed 200 OK in 25ms (Views: 22.2ms | ActiveRecord: 0.9ms)


Started GET "/assets/application.css?body=1" for 127.0.0.1 at 2014-12-12 18:44:40 -0500


Started GET "/assets/jquery.js?body=1" for 127.0.0.1 at 2014-12-12 18:44:40 -0500


Started GET "/assets/jquery_ujs.js?body=1" for 127.0.0.1 at 2014-12-12 18:44:40 -0500


Started GET "/assets/application.js?body=1" for 127.0.0.1 at 2014-12-12 18:44:40 -0500


Started GET "/assets/turbolinks.js?body=1" for 127.0.0.1 at 2014-12-12 18:44:40 -0500


Started GET "/categories/1/posts/new?parent_id=1" for 127.0.0.1 at 2014-12-12 18:44:45 -0500
Processing by PostsController#new as HTML
  Parameters: {"parent_id"=>"1", "category_id"=>"1"}
  [1m[36mCategory Load (0.2ms)[0m  [1mSELECT  "categories".* FROM "categories"  WHERE "categories"."id" = $1 LIMIT 1[0m  [["id", 1]]
  Rendered posts/new.html.erb within layouts/application (1.8ms)
  [1m[35mUser Load (0.3ms)[0m  SELECT  "users".* FROM "users"  WHERE "users"."id" = 1 LIMIT 1
Completed 200 OK in 51ms (Views: 48.6ms | ActiveRecord: 0.5ms)


Started POST "/categories/1/posts" for 127.0.0.1 at 2014-12-12 18:44:48 -0500
Processing by PostsController#create as HTML
  Parameters: {"utf8"=>"✓", "authenticity_token"=>"TZeZgG2R/aB/U+wBcitEL7QdertDylx7gl3Myk05b24=", "post"=>{"parent_id"=>"1", "title"=>"dldaljdsl", "content"=>"aldjldks"}, "commit"=>"Create Post", "category_id"=>"1"}
  [1m[36mCategory Load (0.3ms)[0m  [1mSELECT  "categories".* FROM "categories"  WHERE "categories"."id" = $1 LIMIT 1[0m  [["id", 1]]
  [1m[35m (0.2ms)[0m  BEGIN
  [1m[36mSQL (0.2ms)[0m  [1mINSERT INTO "posts" ("category_id", "content", "created_at", "parent_id", "title", "updated_at") VALUES ($1, $2, $3, $4, $5, $6) RETURNING "id"[0m  [["category_id", 1], ["content", "aldjldks"], ["created_at", "2014-12-12 23:44:48.977950"], ["parent_id", 1], ["title", "dldaljdsl"], ["updated_at", "2014-12-12 23:44:48.977950"]]
  [1m[35m (6.2ms)[0m  COMMIT
Redirected to http://localhost:3000/categories/1/posts/1
Completed 302 Found in 11ms (ActiveRecord: 6.8ms)


Started GET "/categories/1/posts/1" for 127.0.0.1 at 2014-12-12 18:44:48 -0500
Processing by PostsController#show as HTML
  Parameters: {"category_id"=>"1", "id"=>"1"}
  [1m[36mCategory Load (0.2ms)[0m  [1mSELECT  "categories".* FROM "categories"  WHERE "categories"."id" = $1 LIMIT 1[0m  [["id", 1]]
  [1m[35mPost Load (0.3ms)[0m  SELECT  "posts".* FROM "posts"  WHERE "posts"."category_id" = $1 AND "posts"."id" = $2 LIMIT 1  [["category_id", 1], ["id", 1]]
  [1m[36mUser Load (0.3ms)[0m  [1mSELECT  "users".* FROM "users"  WHERE "users"."id" = 1 LIMIT 1[0m
  [1m[35mPost Load (0.2ms)[0m  SELECT "posts".* FROM "posts"  WHERE "posts"."parent_id" = $1  [["parent_id", 1]]
  Rendered posts/_post_comments.html.erb (2.3ms)
  Rendered posts/show.html.erb within layouts/application (8.0ms)
Completed 200 OK in 70ms (Views: 65.8ms | ActiveRecord: 1.0ms)


Started GET "/assets/turbolinks.js?body=1" for 127.0.0.1 at 2014-12-12 18:44:49 -0500


Started GET "/assets/application.css?body=1" for 127.0.0.1 at 2014-12-12 18:44:49 -0500


Started GET "/assets/jquery.js?body=1" for 127.0.0.1 at 2014-12-12 18:44:49 -0500


Started GET "/assets/application.js?body=1" for 127.0.0.1 at 2014-12-12 18:44:49 -0500


Started GET "/assets/jquery_ujs.js?body=1" for 127.0.0.1 at 2014-12-12 18:44:49 -0500


Started GET "/categories/1/posts/new?parent_id=1" for 127.0.0.1 at 2014-12-12 18:44:51 -0500
Processing by PostsController#new as HTML
  Parameters: {"parent_id"=>"1", "category_id"=>"1"}
  [1m[36mCategory Load (0.2ms)[0m  [1mSELECT  "categories".* FROM "categories"  WHERE "categories"."id" = $1 LIMIT 1[0m  [["id", 1]]
  Rendered posts/new.html.erb within layouts/application (1.6ms)
  [1m[35mUser Load (0.3ms)[0m  SELECT  "users".* FROM "users"  WHERE "users"."id" = 1 LIMIT 1
Completed 200 OK in 23ms (Views: 19.9ms | ActiveRecord: 0.5ms)


Started POST "/categories/1/posts" for 127.0.0.1 at 2014-12-12 18:44:54 -0500
Processing by PostsController#create as HTML
  Parameters: {"utf8"=>"✓", "authenticity_token"=>"TZeZgG2R/aB/U+wBcitEL7QdertDylx7gl3Myk05b24=", "post"=>{"parent_id"=>"1", "title"=>"daslkds", "content"=>"lkjalksdj"}, "commit"=>"Create Post", "category_id"=>"1"}
  [1m[36mCategory Load (0.2ms)[0m  [1mSELECT  "categories".* FROM "categories"  WHERE "categories"."id" = $1 LIMIT 1[0m  [["id", 1]]
  [1m[35m (0.1ms)[0m  BEGIN
  [1m[36mSQL (0.2ms)[0m  [1mINSERT INTO "posts" ("category_id", "content", "created_at", "parent_id", "title", "updated_at") VALUES ($1, $2, $3, $4, $5, $6) RETURNING "id"[0m  [["category_id", 1], ["content", "lkjalksdj"], ["created_at", "2014-12-12 23:44:54.647573"], ["parent_id", 1], ["title", "daslkds"], ["updated_at", "2014-12-12 23:44:54.647573"]]
  [1m[35m (6.3ms)[0m  COMMIT
Redirected to http://localhost:3000/categories/1/posts/1
Completed 302 Found in 12ms (ActiveRecord: 6.8ms)


Started GET "/categories/1/posts/1" for 127.0.0.1 at 2014-12-12 18:44:54 -0500
Processing by PostsController#show as HTML
  Parameters: {"category_id"=>"1", "id"=>"1"}
  [1m[36mCategory Load (0.1ms)[0m  [1mSELECT  "categories".* FROM "categories"  WHERE "categories"."id" = $1 LIMIT 1[0m  [["id", 1]]
  [1m[35mPost Load (0.2ms)[0m  SELECT  "posts".* FROM "posts"  WHERE "posts"."category_id" = $1 AND "posts"."id" = $2 LIMIT 1  [["category_id", 1], ["id", 1]]
  [1m[36mUser Load (0.2ms)[0m  [1mSELECT  "users".* FROM "users"  WHERE "users"."id" = 1 LIMIT 1[0m
  [1m[35mPost Load (0.2ms)[0m  SELECT "posts".* FROM "posts"  WHERE "posts"."parent_id" = $1  [["parent_id", 1]]
  Rendered posts/_post_comments.html.erb (0.1ms)
  Rendered posts/_post_comments.html.erb (0.0ms)
  Rendered posts/show.html.erb within layouts/application (3.1ms)
Completed 200 OK in 49ms (Views: 47.0ms | ActiveRecord: 0.8ms)


Started GET "/assets/application.css?body=1" for 127.0.0.1 at 2014-12-12 18:44:54 -0500


Started GET "/assets/jquery.js?body=1" for 127.0.0.1 at 2014-12-12 18:44:54 -0500


Started GET "/assets/jquery_ujs.js?body=1" for 127.0.0.1 at 2014-12-12 18:44:54 -0500


Started GET "/assets/turbolinks.js?body=1" for 127.0.0.1 at 2014-12-12 18:44:54 -0500


Started GET "/assets/application.js?body=1" for 127.0.0.1 at 2014-12-12 18:44:54 -0500


Started GET "/categories/1/posts" for 127.0.0.1 at 2014-12-12 18:44:57 -0500
Processing by PostsController#index as HTML
  Parameters: {"category_id"=>"1"}
  [1m[36mCategory Load (0.2ms)[0m  [1mSELECT  "categories".* FROM "categories"  WHERE "categories"."id" = $1 LIMIT 1[0m  [["id", 1]]
  [1m[35mUser Load (0.4ms)[0m  SELECT  "users".* FROM "users"  WHERE "users"."id" = 1 LIMIT 1
  [1m[36mPost Load (0.2ms)[0m  [1mSELECT "posts".* FROM "posts"  WHERE "posts"."category_id" = $1 AND "posts"."parent_id" IS NULL[0m  [["category_id", 1]]
  Rendered posts/index.html.erb within layouts/application (6.2ms)
Completed 200 OK in 28ms (Views: 25.4ms | ActiveRecord: 0.8ms)


Started DELETE "/logout" for 127.0.0.1 at 2014-12-12 18:45:52 -0500
Processing by SessionsController#destroy as HTML
  Parameters: {"authenticity_token"=>"TZeZgG2R/aB/U+wBcitEL7QdertDylx7gl3Myk05b24="}
Redirected to http://localhost:3000/
Completed 302 Found in 1ms (ActiveRecord: 0.0ms)


Started GET "/" for 127.0.0.1 at 2014-12-12 18:45:52 -0500
Processing by CategoriesController#index as HTML
  [1m[35mCategory Load (0.2ms)[0m  SELECT "categories".* FROM "categories"
  Rendered categories/index.html.erb within layouts/application (1.3ms)
  [1m[36mUser Load (0.3ms)[0m  [1mSELECT  "users".* FROM "users"  WHERE "users"."id" IS NULL LIMIT 1[0m
Completed 200 OK in 59ms (Views: 57.9ms | ActiveRecord: 0.5ms)


Started GET "/assets/application.css?body=1" for 127.0.0.1 at 2014-12-12 18:45:52 -0500


Started GET "/assets/jquery.js?body=1" for 127.0.0.1 at 2014-12-12 18:45:52 -0500


Started GET "/assets/turbolinks.js?body=1" for 127.0.0.1 at 2014-12-12 18:45:52 -0500


Started GET "/assets/jquery_ujs.js?body=1" for 127.0.0.1 at 2014-12-12 18:45:52 -0500


Started GET "/assets/application.js?body=1" for 127.0.0.1 at 2014-12-12 18:45:52 -0500


Started GET "/categories/4/posts" for 127.0.0.1 at 2014-12-12 18:45:53 -0500
Processing by PostsController#index as HTML
  Parameters: {"category_id"=>"4"}
  [1m[35mCategory Load (0.2ms)[0m  SELECT  "categories".* FROM "categories"  WHERE "categories"."id" = $1 LIMIT 1  [["id", 4]]
  [1m[36mUser Load (0.3ms)[0m  [1mSELECT  "users".* FROM "users"  WHERE "users"."id" IS NULL LIMIT 1[0m
  [1m[35mPost Load (0.1ms)[0m  SELECT "posts".* FROM "posts"  WHERE "posts"."category_id" = $1 AND "posts"."parent_id" IS NULL  [["category_id", 4]]
  Rendered posts/index.html.erb within layouts/application (1.2ms)
  [1m[36mCACHE (0.0ms)[0m  [1mSELECT  "users".* FROM "users"  WHERE "users"."id" IS NULL LIMIT 1[0m
Completed 200 OK in 20ms (Views: 18.0ms | ActiveRecord: 0.6ms)


Started GET "/categories/2/posts" for 127.0.0.1 at 2014-12-12 18:45:57 -0500
Processing by PostsController#index as HTML
  Parameters: {"category_id"=>"2"}
  [1m[35mCategory Load (0.2ms)[0m  SELECT  "categories".* FROM "categories"  WHERE "categories"."id" = $1 LIMIT 1  [["id", 2]]
  [1m[36mUser Load (0.3ms)[0m  [1mSELECT  "users".* FROM "users"  WHERE "users"."id" IS NULL LIMIT 1[0m
  [1m[35mPost Load (0.1ms)[0m  SELECT "posts".* FROM "posts"  WHERE "posts"."category_id" = $1 AND "posts"."parent_id" IS NULL  [["category_id", 2]]
  Rendered posts/index.html.erb within layouts/application (1.1ms)
  [1m[36mCACHE (0.0ms)[0m  [1mSELECT  "users".* FROM "users"  WHERE "users"."id" IS NULL LIMIT 1[0m
Completed 200 OK in 20ms (Views: 17.8ms | ActiveRecord: 0.6ms)


Started GET "/" for 127.0.0.1 at 2014-12-12 18:46:17 -0500
Processing by CategoriesController#index as HTML
  [1m[35mCategory Load (0.3ms)[0m  SELECT "categories".* FROM "categories"
  Rendered categories/index.html.erb within layouts/application (1.8ms)
  [1m[36mUser Load (0.3ms)[0m  [1mSELECT  "users".* FROM "users"  WHERE "users"."id" IS NULL LIMIT 1[0m
Completed 200 OK in 51ms (Views: 49.3ms | ActiveRecord: 0.6ms)


Started GET "/categories/3/posts" for 127.0.0.1 at 2014-12-12 18:46:19 -0500
Processing by PostsController#index as HTML
  Parameters: {"category_id"=>"3"}
  [1m[35mCategory Load (0.2ms)[0m  SELECT  "categories".* FROM "categories"  WHERE "categories"."id" = $1 LIMIT 1  [["id", 3]]
  [1m[36mUser Load (0.3ms)[0m  [1mSELECT  "users".* FROM "users"  WHERE "users"."id" IS NULL LIMIT 1[0m
  [1m[35mPost Load (0.1ms)[0m  SELECT "posts".* FROM "posts"  WHERE "posts"."category_id" = $1 AND "posts"."parent_id" IS NULL  [["category_id", 3]]
  Rendered posts/index.html.erb within layouts/application (1.2ms)
  [1m[36mCACHE (0.0ms)[0m  [1mSELECT  "users".* FROM "users"  WHERE "users"."id" IS NULL LIMIT 1[0m
Completed 200 OK in 24ms (Views: 21.2ms | ActiveRecord: 0.6ms)


Started GET "/" for 127.0.0.1 at 2014-12-12 18:46:21 -0500
Processing by CategoriesController#index as HTML
  [1m[35mCategory Load (0.2ms)[0m  SELECT "categories".* FROM "categories"
  Rendered categories/index.html.erb within layouts/application (1.1ms)
  [1m[36mUser Load (0.3ms)[0m  [1mSELECT  "users".* FROM "users"  WHERE "users"."id" IS NULL LIMIT 1[0m
Completed 200 OK in 63ms (Views: 61.4ms | ActiveRecord: 0.5ms)


Started GET "/categories/5/posts" for 127.0.0.1 at 2014-12-12 18:46:23 -0500
Processing by PostsController#index as HTML
  Parameters: {"category_id"=>"5"}
  [1m[35mCategory Load (0.2ms)[0m  SELECT  "categories".* FROM "categories"  WHERE "categories"."id" = $1 LIMIT 1  [["id", 5]]
  [1m[36mUser Load (0.3ms)[0m  [1mSELECT  "users".* FROM "users"  WHERE "users"."id" IS NULL LIMIT 1[0m
  [1m[35mPost Load (0.2ms)[0m  SELECT "posts".* FROM "posts"  WHERE "posts"."category_id" = $1 AND "posts"."parent_id" IS NULL  [["category_id", 5]]
  Rendered posts/index.html.erb within layouts/application (1.4ms)
  [1m[36mCACHE (0.0ms)[0m  [1mSELECT  "users".* FROM "users"  WHERE "users"."id" IS NULL LIMIT 1[0m
Completed 200 OK in 22ms (Views: 19.8ms | ActiveRecord: 0.6ms)


Started GET "/" for 127.0.0.1 at 2014-12-12 18:58:57 -0500
Processing by CategoriesController#index as HTML
  [1m[35mCategory Load (0.2ms)[0m  SELECT "categories".* FROM "categories"
  Rendered categories/index.html.erb within layouts/application (1.3ms)
  [1m[36mUser Load (0.3ms)[0m  [1mSELECT  "users".* FROM "users"  WHERE "users"."id" IS NULL LIMIT 1[0m
Completed 200 OK in 21ms (Views: 20.3ms | ActiveRecord: 0.5ms)


Started GET "/categories/2/posts" for 127.0.0.1 at 2014-12-12 18:59:19 -0500
Processing by PostsController#index as HTML
  Parameters: {"category_id"=>"2"}
  [1m[35mCategory Load (0.1ms)[0m  SELECT  "categories".* FROM "categories"  WHERE "categories"."id" = $1 LIMIT 1  [["id", 2]]
  [1m[36mUser Load (0.4ms)[0m  [1mSELECT  "users".* FROM "users"  WHERE "users"."id" IS NULL LIMIT 1[0m
  [1m[35mPost Load (0.1ms)[0m  SELECT "posts".* FROM "posts"  WHERE "posts"."category_id" = $1 AND "posts"."parent_id" IS NULL  [["category_id", 2]]
  Rendered posts/index.html.erb within layouts/application (1.5ms)
  [1m[36mCACHE (0.0ms)[0m  [1mSELECT  "users".* FROM "users"  WHERE "users"."id" IS NULL LIMIT 1[0m
Completed 200 OK in 63ms (Views: 60.4ms | ActiveRecord: 0.7ms)


Started GET "/categories/1/posts" for 127.0.0.1 at 2014-12-12 18:59:21 -0500
Processing by PostsController#index as HTML
  Parameters: {"category_id"=>"1"}
  [1m[35mCategory Load (0.1ms)[0m  SELECT  "categories".* FROM "categories"  WHERE "categories"."id" = $1 LIMIT 1  [["id", 1]]
  [1m[36mUser Load (0.2ms)[0m  [1mSELECT  "users".* FROM "users"  WHERE "users"."id" IS NULL LIMIT 1[0m
  [1m[35mPost Load (0.1ms)[0m  SELECT "posts".* FROM "posts"  WHERE "posts"."category_id" = $1 AND "posts"."parent_id" IS NULL  [["category_id", 1]]
  Rendered posts/index.html.erb within layouts/application (1.8ms)
  [1m[36mCACHE (0.0ms)[0m  [1mSELECT  "users".* FROM "users"  WHERE "users"."id" IS NULL LIMIT 1[0m
Completed 200 OK in 22ms (Views: 20.3ms | ActiveRecord: 0.5ms)


Started GET "/categories/1/posts/1" for 127.0.0.1 at 2014-12-12 18:59:23 -0500
Processing by PostsController#show as HTML
  Parameters: {"category_id"=>"1", "id"=>"1"}
  [1m[35mCategory Load (0.2ms)[0m  SELECT  "categories".* FROM "categories"  WHERE "categories"."id" = $1 LIMIT 1  [["id", 1]]
  [1m[36mPost Load (0.2ms)[0m  [1mSELECT  "posts".* FROM "posts"  WHERE "posts"."category_id" = $1 AND "posts"."id" = $2 LIMIT 1[0m  [["category_id", 1], ["id", 1]]
  [1m[35mUser Load (0.3ms)[0m  SELECT  "users".* FROM "users"  WHERE "users"."id" IS NULL LIMIT 1
  [1m[36mCACHE (0.0ms)[0m  [1mSELECT  "users".* FROM "users"  WHERE "users"."id" IS NULL LIMIT 1[0m
  [1m[35mPost Load (0.2ms)[0m  SELECT "posts".* FROM "posts"  WHERE "posts"."parent_id" = $1  [["parent_id", 1]]
  Rendered posts/_post_comments.html.erb (0.5ms)
  Rendered posts/_post_comments.html.erb (0.1ms)
  Rendered posts/show.html.erb within layouts/application (6.8ms)
  [1m[36mCACHE (0.0ms)[0m  [1mSELECT  "users".* FROM "users"  WHERE "users"."id" IS NULL LIMIT 1[0m
Completed 200 OK in 39ms (Views: 36.5ms | ActiveRecord: 1.0ms)


Started GET "/login" for 127.0.0.1 at 2014-12-12 18:59:28 -0500
Processing by SessionsController#new as HTML
  Rendered sessions/new.html.erb within layouts/application (1.8ms)
  [1m[35mUser Load (0.3ms)[0m  SELECT  "users".* FROM "users"  WHERE "users"."id" IS NULL LIMIT 1
Completed 200 OK in 73ms (Views: 72.0ms | ActiveRecord: 0.3ms)


Started POST "/login" for 127.0.0.1 at 2014-12-12 18:59:32 -0500
Processing by SessionsController#create as HTML
  Parameters: {"utf8"=>"✓", "authenticity_token"=>"TZeZgG2R/aB/U+wBcitEL7QdertDylx7gl3Myk05b24=", "session"=>{"username"=>"z", "password"=>"[FILTERED]"}, "commit"=>"Login"}
  [1m[36mUser Load (0.3ms)[0m  [1mSELECT  "users".* FROM "users"  WHERE "users"."username" = 'z' LIMIT 1[0m
  Rendered sessions/new.html.erb within layouts/application (1.3ms)
  [1m[35mUser Load (0.3ms)[0m  SELECT  "users".* FROM "users"  WHERE "users"."id" IS NULL LIMIT 1
Completed 200 OK in 21ms (Views: 20.0ms | ActiveRecord: 0.5ms)


Started GET "/assets/application.css?body=1" for 127.0.0.1 at 2014-12-12 18:59:32 -0500


Started GET "/assets/turbolinks.js?body=1" for 127.0.0.1 at 2014-12-12 18:59:32 -0500


Started GET "/assets/jquery_ujs.js?body=1" for 127.0.0.1 at 2014-12-12 18:59:32 -0500


Started GET "/assets/jquery.js?body=1" for 127.0.0.1 at 2014-12-12 18:59:32 -0500


Started GET "/assets/application.js?body=1" for 127.0.0.1 at 2014-12-12 18:59:32 -0500


Started GET "/users/new" for 127.0.0.1 at 2014-12-12 18:59:35 -0500
Processing by UsersController#new as HTML
  Rendered users/new.html.erb within layouts/application (2.4ms)
  [1m[36mUser Load (0.4ms)[0m  [1mSELECT  "users".* FROM "users"  WHERE "users"."id" IS NULL LIMIT 1[0m
Completed 200 OK in 60ms (Views: 58.9ms | ActiveRecord: 0.4ms)


Started GET "/assets/application.css?body=1" for 127.0.0.1 at 2014-12-12 18:59:35 -0500


Started GET "/assets/jquery.js?body=1" for 127.0.0.1 at 2014-12-12 18:59:35 -0500


Started GET "/assets/application.js?body=1" for 127.0.0.1 at 2014-12-12 18:59:35 -0500


Started GET "/assets/turbolinks.js?body=1" for 127.0.0.1 at 2014-12-12 18:59:35 -0500


Started GET "/assets/jquery_ujs.js?body=1" for 127.0.0.1 at 2014-12-12 18:59:35 -0500


Started POST "/users" for 127.0.0.1 at 2014-12-12 18:59:42 -0500
Processing by UsersController#create as HTML
  Parameters: {"utf8"=>"✓", "authenticity_token"=>"TZeZgG2R/aB/U+wBcitEL7QdertDylx7gl3Myk05b24=", "user"=>{"username"=>"z", "email"=>"zahidjethani@hotmail.com", "password"=>"[FILTERED]", "password_confirmation"=>"[FILTERED]"}, "commit"=>"Create User"}
Unpermitted parameters: password_confirmation
  [1m[35m (0.2ms)[0m  BEGIN
  [1m[36mUser Exists (0.2ms)[0m  [1mSELECT  1 AS one FROM "users"  WHERE "users"."username" = 'z' LIMIT 1[0m
  [1m[35mUser Exists (0.2ms)[0m  SELECT  1 AS one FROM "users"  WHERE "users"."email" = 'zahidjethani@hotmail.com' LIMIT 1
  [1m[36m (0.1ms)[0m  [1mROLLBACK[0m
  Rendered users/new.html.erb within layouts/application (2.0ms)
  [1m[35mUser Load (0.3ms)[0m  SELECT  "users".* FROM "users"  WHERE "users"."id" IS NULL LIMIT 1
Completed 200 OK in 96ms (Views: 21.9ms | ActiveRecord: 0.9ms)


Started GET "/assets/jquery_ujs.js?body=1" for 127.0.0.1 at 2014-12-12 18:59:42 -0500


Started GET "/assets/turbolinks.js?body=1" for 127.0.0.1 at 2014-12-12 18:59:42 -0500


Started GET "/assets/application.css?body=1" for 127.0.0.1 at 2014-12-12 18:59:42 -0500


Started GET "/assets/jquery.js?body=1" for 127.0.0.1 at 2014-12-12 18:59:42 -0500


Started GET "/assets/application.js?body=1" for 127.0.0.1 at 2014-12-12 18:59:42 -0500


Started POST "/users" for 127.0.0.1 at 2014-12-12 18:59:51 -0500
Processing by UsersController#create as HTML
  Parameters: {"utf8"=>"✓", "authenticity_token"=>"TZeZgG2R/aB/U+wBcitEL7QdertDylx7gl3Myk05b24=", "user"=>{"username"=>"zahid", "email"=>"zahidjethani@hotmail.com", "password"=>"[FILTERED]", "password_confirmation"=>"[FILTERED]"}, "commit"=>"Create User"}
Unpermitted parameters: password_confirmation
  [1m[36m (0.1ms)[0m  [1mBEGIN[0m
  [1m[35mUser Exists (0.2ms)[0m  SELECT  1 AS one FROM "users"  WHERE "users"."username" = 'zahid' LIMIT 1
  [1m[36mUser Exists (0.2ms)[0m  [1mSELECT  1 AS one FROM "users"  WHERE "users"."email" = 'zahidjethani@hotmail.com' LIMIT 1[0m
  [1m[35m (0.1ms)[0m  ROLLBACK
  Rendered users/new.html.erb within layouts/application (1.9ms)
  [1m[36mUser Load (0.4ms)[0m  [1mSELECT  "users".* FROM "users"  WHERE "users"."id" IS NULL LIMIT 1[0m
Completed 200 OK in 132ms (Views: 60.3ms | ActiveRecord: 1.0ms)


Started GET "/assets/application.css?body=1" for 127.0.0.1 at 2014-12-12 18:59:51 -0500


Started GET "/assets/jquery.js?body=1" for 127.0.0.1 at 2014-12-12 18:59:51 -0500


Started GET "/assets/jquery_ujs.js?body=1" for 127.0.0.1 at 2014-12-12 18:59:51 -0500


Started GET "/assets/application.js?body=1" for 127.0.0.1 at 2014-12-12 18:59:51 -0500


Started GET "/assets/turbolinks.js?body=1" for 127.0.0.1 at 2014-12-12 18:59:51 -0500


Started POST "/users" for 127.0.0.1 at 2014-12-12 18:59:53 -0500
Processing by UsersController#create as HTML
  Parameters: {"utf8"=>"✓", "authenticity_token"=>"TZeZgG2R/aB/U+wBcitEL7QdertDylx7gl3Myk05b24=", "user"=>{"username"=>"zahid", "email"=>"zahidjethani@hotmail.com", "password"=>"[FILTERED]", "password_confirmation"=>"[FILTERED]"}, "commit"=>"Create User"}
Unpermitted parameters: password_confirmation
  [1m[35m (0.1ms)[0m  BEGIN
  [1m[36mUser Exists (0.2ms)[0m  [1mSELECT  1 AS one FROM "users"  WHERE "users"."username" = 'zahid' LIMIT 1[0m
  [1m[35mUser Exists (0.1ms)[0m  SELECT  1 AS one FROM "users"  WHERE "users"."email" = 'zahidjethani@hotmail.com' LIMIT 1
  [1m[36m (0.1ms)[0m  [1mROLLBACK[0m
  Rendered users/new.html.erb within layouts/application (1.9ms)
  [1m[35mUser Load (0.4ms)[0m  SELECT  "users".* FROM "users"  WHERE "users"."id" IS NULL LIMIT 1
Completed 200 OK in 25ms (Views: 20.1ms | ActiveRecord: 0.9ms)


Started GET "/assets/jquery.js?body=1" for 127.0.0.1 at 2014-12-12 18:59:53 -0500


Started GET "/assets/application.css?body=1" for 127.0.0.1 at 2014-12-12 18:59:53 -0500


Started GET "/assets/jquery_ujs.js?body=1" for 127.0.0.1 at 2014-12-12 18:59:53 -0500


Started GET "/assets/turbolinks.js?body=1" for 127.0.0.1 at 2014-12-12 18:59:53 -0500


Started GET "/assets/application.js?body=1" for 127.0.0.1 at 2014-12-12 18:59:53 -0500


Started POST "/users" for 127.0.0.1 at 2014-12-12 19:00:02 -0500
Processing by UsersController#create as HTML
  Parameters: {"utf8"=>"✓", "authenticity_token"=>"TZeZgG2R/aB/U+wBcitEL7QdertDylx7gl3Myk05b24=", "user"=>{"username"=>"Zahid", "email"=>"z@gmail.com", "password"=>"[FILTERED]", "password_confirmation"=>"[FILTERED]"}, "commit"=>"Create User"}
Unpermitted parameters: password_confirmation
  [1m[36m (0.1ms)[0m  [1mBEGIN[0m
  [1m[35mUser Exists (0.2ms)[0m  SELECT  1 AS one FROM "users"  WHERE "users"."username" = 'Zahid' LIMIT 1
  [1m[36mUser Exists (0.2ms)[0m  [1mSELECT  1 AS one FROM "users"  WHERE "users"."email" = 'z@gmail.com' LIMIT 1[0m
  [1m[35mSQL (0.1ms)[0m  INSERT INTO "users" ("created_at", "email", "password_digest", "updated_at", "username") VALUES ($1, $2, $3, $4, $5) RETURNING "id"  [["created_at", "2014-12-13 00:00:02.290917"], ["email", "z@gmail.com"], ["password_digest", "$2a$10$X6PaIK2/aexQcz9OqsB5Neq0Xa3m.lzYvJfR08C2.2naAmN3jN/ba"], ["updated_at", "2014-12-13 00:00:02.290917"], ["username", "Zahid"]]
  [1m[36m (0.3ms)[0m  [1mCOMMIT[0m
Redirected to http://localhost:3000/
Completed 302 Found in 77ms (ActiveRecord: 1.0ms)


Started GET "/" for 127.0.0.1 at 2014-12-12 19:00:02 -0500
Processing by CategoriesController#index as HTML
  [1m[35mCategory Load (0.2ms)[0m  SELECT "categories".* FROM "categories"
  Rendered categories/index.html.erb within layouts/application (1.2ms)
  [1m[36mUser Load (0.3ms)[0m  [1mSELECT  "users".* FROM "users"  WHERE "users"."id" = 2 LIMIT 1[0m
Completed 200 OK in 48ms (Views: 47.1ms | ActiveRecord: 0.5ms)


Started GET "/assets/application.css?body=1" for 127.0.0.1 at 2014-12-12 19:00:02 -0500


Started GET "/assets/jquery.js?body=1" for 127.0.0.1 at 2014-12-12 19:00:02 -0500


Started GET "/assets/jquery_ujs.js?body=1" for 127.0.0.1 at 2014-12-12 19:00:02 -0500


Started GET "/assets/turbolinks.js?body=1" for 127.0.0.1 at 2014-12-12 19:00:02 -0500


Started GET "/assets/application.js?body=1" for 127.0.0.1 at 2014-12-12 19:00:02 -0500


Started GET "/categories/1/posts" for 127.0.0.1 at 2014-12-12 19:00:04 -0500
Processing by PostsController#index as HTML
  Parameters: {"category_id"=>"1"}
  [1m[35mCategory Load (0.2ms)[0m  SELECT  "categories".* FROM "categories"  WHERE "categories"."id" = $1 LIMIT 1  [["id", 1]]
  [1m[36mUser Load (0.3ms)[0m  [1mSELECT  "users".* FROM "users"  WHERE "users"."id" = 2 LIMIT 1[0m
  [1m[35mPost Load (0.1ms)[0m  SELECT "posts".* FROM "posts"  WHERE "posts"."category_id" = $1 AND "posts"."parent_id" IS NULL  [["category_id", 1]]
  Rendered posts/index.html.erb within layouts/application (2.1ms)
Completed 200 OK in 23ms (Views: 21.2ms | ActiveRecord: 0.6ms)


Started GET "/categories/1/posts/1" for 127.0.0.1 at 2014-12-12 19:00:07 -0500
Processing by PostsController#show as HTML
  Parameters: {"category_id"=>"1", "id"=>"1"}
  [1m[36mCategory Load (0.2ms)[0m  [1mSELECT  "categories".* FROM "categories"  WHERE "categories"."id" = $1 LIMIT 1[0m  [["id", 1]]
  [1m[35mPost Load (0.3ms)[0m  SELECT  "posts".* FROM "posts"  WHERE "posts"."category_id" = $1 AND "posts"."id" = $2 LIMIT 1  [["category_id", 1], ["id", 1]]
  [1m[36mUser Load (0.3ms)[0m  [1mSELECT  "users".* FROM "users"  WHERE "users"."id" = 2 LIMIT 1[0m
  [1m[35mPost Load (0.2ms)[0m  SELECT "posts".* FROM "posts"  WHERE "posts"."parent_id" = $1  [["parent_id", 1]]
  Rendered posts/_post_comments.html.erb (0.1ms)
  Rendered posts/_post_comments.html.erb (0.0ms)
  Rendered posts/show.html.erb within layouts/application (4.2ms)
Completed 200 OK in 27ms (Views: 23.7ms | ActiveRecord: 1.0ms)


Started GET "/categories/1/posts/new?parent_id=1" for 127.0.0.1 at 2014-12-12 19:00:13 -0500
Processing by PostsController#new as HTML
  Parameters: {"parent_id"=>"1", "category_id"=>"1"}
  [1m[36mCategory Load (0.1ms)[0m  [1mSELECT  "categories".* FROM "categories"  WHERE "categories"."id" = $1 LIMIT 1[0m  [["id", 1]]
  Rendered posts/new.html.erb within layouts/application (38.9ms)
  [1m[35mUser Load (0.3ms)[0m  SELECT  "users".* FROM "users"  WHERE "users"."id" = 2 LIMIT 1
Completed 200 OK in 68ms (Views: 65.5ms | ActiveRecord: 0.4ms)


Started GET "/categories/1/posts/new?parent_id=1" for 127.0.0.1 at 2014-12-12 19:00:57 -0500
Processing by PostsController#new as HTML
  Parameters: {"parent_id"=>"1", "category_id"=>"1"}
  [1m[36mCategory Load (0.2ms)[0m  [1mSELECT  "categories".* FROM "categories"  WHERE "categories"."id" = $1 LIMIT 1[0m  [["id", 1]]
  Rendered posts/new.html.erb within layouts/application (1.4ms)
  [1m[35mUser Load (0.3ms)[0m  SELECT  "users".* FROM "users"  WHERE "users"."id" = 2 LIMIT 1
Completed 200 OK in 22ms (Views: 19.4ms | ActiveRecord: 0.5ms)


Started POST "/categories/1/posts" for 127.0.0.1 at 2014-12-12 19:01:00 -0500
Processing by PostsController#create as HTML
  Parameters: {"utf8"=>"✓", "authenticity_token"=>"TZeZgG2R/aB/U+wBcitEL7QdertDylx7gl3Myk05b24=", "post"=>{"parent_id"=>"1", "title"=>"adfldfskjadf", "content"=>"dslkjsdklfj"}, "commit"=>"Create Post", "category_id"=>"1"}
  [1m[36mCategory Load (0.2ms)[0m  [1mSELECT  "categories".* FROM "categories"  WHERE "categories"."id" = $1 LIMIT 1[0m  [["id", 1]]
  [1m[35m (0.1ms)[0m  BEGIN
  [1m[36mSQL (0.2ms)[0m  [1mINSERT INTO "posts" ("category_id", "content", "created_at", "parent_id", "title", "updated_at") VALUES ($1, $2, $3, $4, $5, $6) RETURNING "id"[0m  [["category_id", 1], ["content", "dslkjsdklfj"], ["created_at", "2014-12-13 00:01:00.390800"], ["parent_id", 1], ["title", "adfldfskjadf"], ["updated_at", "2014-12-13 00:01:00.390800"]]
  [1m[35m (6.8ms)[0m  COMMIT
Redirected to http://localhost:3000/categories/1/posts/1
Completed 302 Found in 12ms (ActiveRecord: 7.3ms)


Started GET "/categories/1/posts/1" for 127.0.0.1 at 2014-12-12 19:01:00 -0500
Processing by PostsController#show as HTML
  Parameters: {"category_id"=>"1", "id"=>"1"}
  [1m[36mCategory Load (0.1ms)[0m  [1mSELECT  "categories".* FROM "categories"  WHERE "categories"."id" = $1 LIMIT 1[0m  [["id", 1]]
  [1m[35mPost Load (0.2ms)[0m  SELECT  "posts".* FROM "posts"  WHERE "posts"."category_id" = $1 AND "posts"."id" = $2 LIMIT 1  [["category_id", 1], ["id", 1]]
  [1m[36mUser Load (0.3ms)[0m  [1mSELECT  "users".* FROM "users"  WHERE "users"."id" = 2 LIMIT 1[0m
  [1m[35mPost Load (0.3ms)[0m  SELECT "posts".* FROM "posts"  WHERE "posts"."parent_id" = $1  [["parent_id", 1]]
  Rendered posts/_post_comments.html.erb (0.1ms)
  Rendered posts/_post_comments.html.erb (0.1ms)
  Rendered posts/_post_comments.html.erb (0.1ms)
  Rendered posts/show.html.erb within layouts/application (4.3ms)
Completed 200 OK in 56ms (Views: 53.1ms | ActiveRecord: 0.8ms)


Started GET "/assets/jquery.js?body=1" for 127.0.0.1 at 2014-12-12 19:01:00 -0500


Started GET "/assets/application.css?body=1" for 127.0.0.1 at 2014-12-12 19:01:00 -0500


Started GET "/assets/turbolinks.js?body=1" for 127.0.0.1 at 2014-12-12 19:01:00 -0500


Started GET "/assets/jquery_ujs.js?body=1" for 127.0.0.1 at 2014-12-12 19:01:00 -0500


Started GET "/assets/application.js?body=1" for 127.0.0.1 at 2014-12-12 19:01:00 -0500


Started GET "/categories/1/posts" for 127.0.0.1 at 2014-12-12 19:01:12 -0500
Processing by PostsController#index as HTML
  Parameters: {"category_id"=>"1"}
  [1m[36mCategory Load (0.2ms)[0m  [1mSELECT  "categories".* FROM "categories"  WHERE "categories"."id" = $1 LIMIT 1[0m  [["id", 1]]
  [1m[35mUser Load (0.3ms)[0m  SELECT  "users".* FROM "users"  WHERE "users"."id" = 2 LIMIT 1
  [1m[36mPost Load (0.1ms)[0m  [1mSELECT "posts".* FROM "posts"  WHERE "posts"."category_id" = $1 AND "posts"."parent_id" IS NULL[0m  [["category_id", 1]]
  Rendered posts/index.html.erb within layouts/application (2.0ms)
Completed 200 OK in 24ms (Views: 22.2ms | ActiveRecord: 0.6ms)


Started GET "/" for 127.0.0.1 at 2014-12-12 19:01:15 -0500
Processing by CategoriesController#index as HTML
  [1m[35mCategory Load (0.2ms)[0m  SELECT "categories".* FROM "categories"
  Rendered categories/index.html.erb within layouts/application (1.3ms)
  [1m[36mUser Load (0.4ms)[0m  [1mSELECT  "users".* FROM "users"  WHERE "users"."id" = 2 LIMIT 1[0m
Completed 200 OK in 24ms (Views: 22.2ms | ActiveRecord: 0.6ms)


Started GET "/categories/1/posts" for 127.0.0.1 at 2014-12-12 19:01:27 -0500
Processing by PostsController#index as HTML
  Parameters: {"category_id"=>"1"}
  [1m[35mCategory Load (0.2ms)[0m  SELECT  "categories".* FROM "categories"  WHERE "categories"."id" = $1 LIMIT 1  [["id", 1]]
  [1m[36mUser Load (0.2ms)[0m  [1mSELECT  "users".* FROM "users"  WHERE "users"."id" = 2 LIMIT 1[0m
  [1m[35mPost Load (0.1ms)[0m  SELECT "posts".* FROM "posts"  WHERE "posts"."category_id" = $1 AND "posts"."parent_id" IS NULL  [["category_id", 1]]
  Rendered posts/index.html.erb within layouts/application (2.2ms)
Completed 200 OK in 59ms (Views: 19.9ms | ActiveRecord: 0.6ms)


Started GET "/categories/2/posts" for 127.0.0.1 at 2014-12-12 19:01:59 -0500
Processing by PostsController#index as HTML
  Parameters: {"category_id"=>"2"}
  [1m[36mCategory Load (0.2ms)[0m  [1mSELECT  "categories".* FROM "categories"  WHERE "categories"."id" = $1 LIMIT 1[0m  [["id", 2]]
  [1m[35mUser Load (0.3ms)[0m  SELECT  "users".* FROM "users"  WHERE "users"."id" = 2 LIMIT 1
  [1m[36mPost Load (0.1ms)[0m  [1mSELECT "posts".* FROM "posts"  WHERE "posts"."category_id" = $1 AND "posts"."parent_id" IS NULL[0m  [["category_id", 2]]
  Rendered posts/index.html.erb within layouts/application (1.5ms)
Completed 200 OK in 20ms (Views: 17.7ms | ActiveRecord: 0.5ms)


Started GET "/categories/1/posts" for 127.0.0.1 at 2014-12-12 19:15:19 -0500
Processing by PostsController#index as HTML
  Parameters: {"category_id"=>"1"}
  [1m[35mCategory Load (0.1ms)[0m  SELECT  "categories".* FROM "categories"  WHERE "categories"."id" = $1 LIMIT 1  [["id", 1]]
  [1m[36mUser Load (0.3ms)[0m  [1mSELECT  "users".* FROM "users"  WHERE "users"."id" = 2 LIMIT 1[0m
  [1m[35mPost Load (0.1ms)[0m  SELECT "posts".* FROM "posts"  WHERE "posts"."category_id" = $1 AND "posts"."parent_id" IS NULL  [["category_id", 1]]
  Rendered posts/index.html.erb within layouts/application (2.0ms)
Completed 200 OK in 47ms (Views: 45.1ms | ActiveRecord: 0.6ms)


Started GET "/categories/1/posts/new" for 127.0.0.1 at 2014-12-12 19:15:20 -0500
Processing by PostsController#new as HTML
  Parameters: {"category_id"=>"1"}
  [1m[36mCategory Load (0.1ms)[0m  [1mSELECT  "categories".* FROM "categories"  WHERE "categories"."id" = $1 LIMIT 1[0m  [["id", 1]]
  Rendered posts/new.html.erb within layouts/application (1.6ms)
  [1m[35mUser Load (0.3ms)[0m  SELECT  "users".* FROM "users"  WHERE "users"."id" = 2 LIMIT 1
Completed 200 OK in 23ms (Views: 21.0ms | ActiveRecord: 0.4ms)


Started POST "/categories/1/posts" for 127.0.0.1 at 2014-12-12 19:15:22 -0500
Processing by PostsController#create as HTML
  Parameters: {"utf8"=>"✓", "authenticity_token"=>"TZeZgG2R/aB/U+wBcitEL7QdertDylx7gl3Myk05b24=", "post"=>{"parent_id"=>"", "title"=>"aklsdjfdskl", "content"=>"adflskjalfsd"}, "commit"=>"Create Post", "category_id"=>"1"}
  [1m[36mCategory Load (0.2ms)[0m  [1mSELECT  "categories".* FROM "categories"  WHERE "categories"."id" = $1 LIMIT 1[0m  [["id", 1]]
  [1m[35m (0.1ms)[0m  BEGIN
  [1m[36mSQL (0.2ms)[0m  [1mINSERT INTO "posts" ("category_id", "content", "created_at", "title", "updated_at") VALUES ($1, $2, $3, $4, $5) RETURNING "id"[0m  [["category_id", 1], ["content", "adflskjalfsd"], ["created_at", "2014-12-13 00:15:22.662735"], ["title", "aklsdjfdskl"], ["updated_at", "2014-12-13 00:15:22.662735"]]
  [1m[35m (6.0ms)[0m  COMMIT
Redirected to http://localhost:3000/categories/1/posts/5
Completed 302 Found in 10ms (ActiveRecord: 6.4ms)


Started GET "/categories/1/posts/5" for 127.0.0.1 at 2014-12-12 19:15:22 -0500
Processing by PostsController#show as HTML
  Parameters: {"category_id"=>"1", "id"=>"5"}
  [1m[36mCategory Load (0.1ms)[0m  [1mSELECT  "categories".* FROM "categories"  WHERE "categories"."id" = $1 LIMIT 1[0m  [["id", 1]]
  [1m[35mPost Load (0.1ms)[0m  SELECT  "posts".* FROM "posts"  WHERE "posts"."category_id" = $1 AND "posts"."id" = $2 LIMIT 1  [["category_id", 1], ["id", 5]]
  [1m[36mUser Load (0.3ms)[0m  [1mSELECT  "users".* FROM "users"  WHERE "users"."id" = 2 LIMIT 1[0m
  [1m[35mPost Load (0.1ms)[0m  SELECT "posts".* FROM "posts"  WHERE "posts"."parent_id" = $1  [["parent_id", 5]]
  Rendered posts/show.html.erb within layouts/application (2.1ms)
Completed 200 OK in 23ms (Views: 20.8ms | ActiveRecord: 0.6ms)


Started GET "/assets/application.css?body=1" for 127.0.0.1 at 2014-12-12 19:15:22 -0500


Started GET "/assets/jquery.js?body=1" for 127.0.0.1 at 2014-12-12 19:15:22 -0500


Started GET "/assets/jquery_ujs.js?body=1" for 127.0.0.1 at 2014-12-12 19:15:22 -0500


Started GET "/assets/turbolinks.js?body=1" for 127.0.0.1 at 2014-12-12 19:15:22 -0500


Started GET "/assets/application.js?body=1" for 127.0.0.1 at 2014-12-12 19:15:22 -0500


Started GET "/categories/1/posts" for 127.0.0.1 at 2014-12-12 19:15:31 -0500
Processing by PostsController#index as HTML
  Parameters: {"category_id"=>"1"}
  [1m[36mCategory Load (0.2ms)[0m  [1mSELECT  "categories".* FROM "categories"  WHERE "categories"."id" = $1 LIMIT 1[0m  [["id", 1]]
  [1m[35mUser Load (0.3ms)[0m  SELECT  "users".* FROM "users"  WHERE "users"."id" = 2 LIMIT 1
  [1m[36mPost Load (0.2ms)[0m  [1mSELECT "posts".* FROM "posts"  WHERE "posts"."category_id" = $1 AND "posts"."parent_id" IS NULL[0m  [["category_id", 1]]
  Rendered posts/index.html.erb within layouts/application (2.8ms)
Completed 200 OK in 23ms (Views: 21.1ms | ActiveRecord: 0.7ms)


Started GET "/categories/1/posts/new" for 127.0.0.1 at 2014-12-12 19:15:34 -0500
Processing by PostsController#new as HTML
  Parameters: {"category_id"=>"1"}
  [1m[35mCategory Load (0.2ms)[0m  SELECT  "categories".* FROM "categories"  WHERE "categories"."id" = $1 LIMIT 1  [["id", 1]]
  Rendered posts/new.html.erb within layouts/application (1.5ms)
  [1m[36mUser Load (0.3ms)[0m  [1mSELECT  "users".* FROM "users"  WHERE "users"."id" = 2 LIMIT 1[0m
Completed 200 OK in 21ms (Views: 19.3ms | ActiveRecord: 0.4ms)


Started POST "/categories/1/posts" for 127.0.0.1 at 2014-12-12 19:15:37 -0500
Processing by PostsController#create as HTML
  Parameters: {"utf8"=>"✓", "authenticity_token"=>"TZeZgG2R/aB/U+wBcitEL7QdertDylx7gl3Myk05b24=", "post"=>{"parent_id"=>"", "title"=>"Bye", "content"=>"ajflks"}, "commit"=>"Create Post", "category_id"=>"1"}
  [1m[35mCategory Load (0.2ms)[0m  SELECT  "categories".* FROM "categories"  WHERE "categories"."id" = $1 LIMIT 1  [["id", 1]]
  [1m[36m (0.1ms)[0m  [1mBEGIN[0m
  [1m[35mSQL (0.2ms)[0m  INSERT INTO "posts" ("category_id", "content", "created_at", "title", "updated_at") VALUES ($1, $2, $3, $4, $5) RETURNING "id"  [["category_id", 1], ["content", "ajflks"], ["created_at", "2014-12-13 00:15:37.287643"], ["title", "Bye"], ["updated_at", "2014-12-13 00:15:37.287643"]]
  [1m[36m (6.1ms)[0m  [1mCOMMIT[0m
Redirected to http://localhost:3000/categories/1/posts/6
Completed 302 Found in 10ms (ActiveRecord: 6.6ms)


Started GET "/categories/1/posts/6" for 127.0.0.1 at 2014-12-12 19:15:37 -0500
Processing by PostsController#show as HTML
  Parameters: {"category_id"=>"1", "id"=>"6"}
  [1m[35mCategory Load (0.1ms)[0m  SELECT  "categories".* FROM "categories"  WHERE "categories"."id" = $1 LIMIT 1  [["id", 1]]
  [1m[36mPost Load (0.1ms)[0m  [1mSELECT  "posts".* FROM "posts"  WHERE "posts"."category_id" = $1 AND "posts"."id" = $2 LIMIT 1[0m  [["category_id", 1], ["id", 6]]
  [1m[35mUser Load (0.2ms)[0m  SELECT  "users".* FROM "users"  WHERE "users"."id" = 2 LIMIT 1
  [1m[36mPost Load (0.1ms)[0m  [1mSELECT "posts".* FROM "posts"  WHERE "posts"."parent_id" = $1[0m  [["parent_id", 6]]
  Rendered posts/show.html.erb within layouts/application (1.9ms)
Completed 200 OK in 51ms (Views: 48.8ms | ActiveRecord: 0.6ms)


Started GET "/assets/jquery.js?body=1" for 127.0.0.1 at 2014-12-12 19:15:37 -0500


Started GET "/assets/application.css?body=1" for 127.0.0.1 at 2014-12-12 19:15:37 -0500


Started GET "/assets/application.js?body=1" for 127.0.0.1 at 2014-12-12 19:15:37 -0500


Started GET "/assets/jquery_ujs.js?body=1" for 127.0.0.1 at 2014-12-12 19:15:37 -0500


Started GET "/assets/turbolinks.js?body=1" for 127.0.0.1 at 2014-12-12 19:15:37 -0500


Started GET "/categories/1/posts" for 127.0.0.1 at 2014-12-12 19:15:39 -0500
Processing by PostsController#index as HTML
  Parameters: {"category_id"=>"1"}
  [1m[35mCategory Load (0.1ms)[0m  SELECT  "categories".* FROM "categories"  WHERE "categories"."id" = $1 LIMIT 1  [["id", 1]]
  [1m[36mUser Load (0.3ms)[0m  [1mSELECT  "users".* FROM "users"  WHERE "users"."id" = 2 LIMIT 1[0m
  [1m[35mPost Load (0.2ms)[0m  SELECT "posts".* FROM "posts"  WHERE "posts"."category_id" = $1 AND "posts"."parent_id" IS NULL  [["category_id", 1]]
  Rendered posts/index.html.erb within layouts/application (2.8ms)
Completed 200 OK in 24ms (Views: 21.8ms | ActiveRecord: 0.6ms)


Started GET "/categories/1/posts/6" for 127.0.0.1 at 2014-12-12 19:15:40 -0500
Processing by PostsController#show as HTML
  Parameters: {"category_id"=>"1", "id"=>"6"}
  [1m[36mCategory Load (0.2ms)[0m  [1mSELECT  "categories".* FROM "categories"  WHERE "categories"."id" = $1 LIMIT 1[0m  [["id", 1]]
  [1m[35mPost Load (0.1ms)[0m  SELECT  "posts".* FROM "posts"  WHERE "posts"."category_id" = $1 AND "posts"."id" = $2 LIMIT 1  [["category_id", 1], ["id", 6]]
  [1m[36mUser Load (0.3ms)[0m  [1mSELECT  "users".* FROM "users"  WHERE "users"."id" = 2 LIMIT 1[0m
  [1m[35mPost Load (0.1ms)[0m  SELECT "posts".* FROM "posts"  WHERE "posts"."parent_id" = $1  [["parent_id", 6]]
  Rendered posts/show.html.erb within layouts/application (2.0ms)
Completed 200 OK in 68ms (Views: 65.0ms | ActiveRecord: 0.7ms)


Started GET "/categories/1/posts/new?parent_id=6" for 127.0.0.1 at 2014-12-12 19:15:41 -0500
Processing by PostsController#new as HTML
  Parameters: {"parent_id"=>"6", "category_id"=>"1"}
  [1m[36mCategory Load (0.1ms)[0m  [1mSELECT  "categories".* FROM "categories"  WHERE "categories"."id" = $1 LIMIT 1[0m  [["id", 1]]
  Rendered posts/new.html.erb within layouts/application (1.6ms)
  [1m[35mUser Load (0.3ms)[0m  SELECT  "users".* FROM "users"  WHERE "users"."id" = 2 LIMIT 1
Completed 200 OK in 21ms (Views: 19.2ms | ActiveRecord: 0.4ms)


Started POST "/categories/1/posts" for 127.0.0.1 at 2014-12-12 19:15:43 -0500
Processing by PostsController#create as HTML
  Parameters: {"utf8"=>"✓", "authenticity_token"=>"TZeZgG2R/aB/U+wBcitEL7QdertDylx7gl3Myk05b24=", "post"=>{"parent_id"=>"6", "title"=>"fdklja", "content"=>"klafsjdakflsj"}, "commit"=>"Create Post", "category_id"=>"1"}
  [1m[36mCategory Load (0.1ms)[0m  [1mSELECT  "categories".* FROM "categories"  WHERE "categories"."id" = $1 LIMIT 1[0m  [["id", 1]]
  [1m[35m (0.1ms)[0m  BEGIN
  [1m[36mSQL (0.2ms)[0m  [1mINSERT INTO "posts" ("category_id", "content", "created_at", "parent_id", "title", "updated_at") VALUES ($1, $2, $3, $4, $5, $6) RETURNING "id"[0m  [["category_id", 1], ["content", "klafsjdakflsj"], ["created_at", "2014-12-13 00:15:43.886530"], ["parent_id", 6], ["title", "fdklja"], ["updated_at", "2014-12-13 00:15:43.886530"]]
  [1m[35m (6.0ms)[0m  COMMIT
Redirected to http://localhost:3000/categories/1/posts/6
Completed 302 Found in 10ms (ActiveRecord: 6.4ms)


Started GET "/categories/1/posts/6" for 127.0.0.1 at 2014-12-12 19:15:43 -0500
Processing by PostsController#show as HTML
  Parameters: {"category_id"=>"1", "id"=>"6"}
  [1m[36mCategory Load (0.1ms)[0m  [1mSELECT  "categories".* FROM "categories"  WHERE "categories"."id" = $1 LIMIT 1[0m  [["id", 1]]
  [1m[35mPost Load (0.1ms)[0m  SELECT  "posts".* FROM "posts"  WHERE "posts"."category_id" = $1 AND "posts"."id" = $2 LIMIT 1  [["category_id", 1], ["id", 6]]
  [1m[36mUser Load (0.3ms)[0m  [1mSELECT  "users".* FROM "users"  WHERE "users"."id" = 2 LIMIT 1[0m
  [1m[35mPost Load (0.1ms)[0m  SELECT "posts".* FROM "posts"  WHERE "posts"."parent_id" = $1  [["parent_id", 6]]
  Rendered posts/_post_comments.html.erb (0.1ms)
  Rendered posts/show.html.erb within layouts/application (2.6ms)
Completed 200 OK in 27ms (Views: 24.4ms | ActiveRecord: 0.7ms)


Started GET "/assets/application.css?body=1" for 127.0.0.1 at 2014-12-12 19:15:44 -0500


Started GET "/assets/jquery.js?body=1" for 127.0.0.1 at 2014-12-12 19:15:44 -0500


Started GET "/assets/application.js?body=1" for 127.0.0.1 at 2014-12-12 19:15:44 -0500


Started GET "/assets/jquery_ujs.js?body=1" for 127.0.0.1 at 2014-12-12 19:15:44 -0500


Started GET "/assets/turbolinks.js?body=1" for 127.0.0.1 at 2014-12-12 19:15:44 -0500


Started GET "/categories/1/posts/new?parent_id=6" for 127.0.0.1 at 2014-12-12 19:15:56 -0500
Processing by PostsController#new as HTML
  Parameters: {"parent_id"=>"6", "category_id"=>"1"}
  [1m[36mCategory Load (0.1ms)[0m  [1mSELECT  "categories".* FROM "categories"  WHERE "categories"."id" = $1 LIMIT 1[0m  [["id", 1]]
  Rendered posts/new.html.erb within layouts/application (1.4ms)
  [1m[35mUser Load (0.3ms)[0m  SELECT  "users".* FROM "users"  WHERE "users"."id" = 2 LIMIT 1
Completed 200 OK in 53ms (Views: 51.3ms | ActiveRecord: 0.5ms)


Started POST "/categories/1/posts" for 127.0.0.1 at 2014-12-12 19:15:59 -0500
Processing by PostsController#create as HTML
  Parameters: {"utf8"=>"✓", "authenticity_token"=>"TZeZgG2R/aB/U+wBcitEL7QdertDylx7gl3Myk05b24=", "post"=>{"parent_id"=>"6", "title"=>"afskljfnaklj", "content"=>"lfajdsldfkjs"}, "commit"=>"Create Post", "category_id"=>"1"}
  [1m[36mCategory Load (1.0ms)[0m  [1mSELECT  "categories".* FROM "categories"  WHERE "categories"."id" = $1 LIMIT 1[0m  [["id", 1]]
  [1m[35m (0.2ms)[0m  BEGIN
  [1m[36mSQL (0.5ms)[0m  [1mINSERT INTO "posts" ("category_id", "content", "created_at", "parent_id", "title", "updated_at") VALUES ($1, $2, $3, $4, $5, $6) RETURNING "id"[0m  [["category_id", 1], ["content", "lfajdsldfkjs"], ["created_at", "2014-12-13 00:15:59.190400"], ["parent_id", 6], ["title", "afskljfnaklj"], ["updated_at", "2014-12-13 00:15:59.190400"]]
  [1m[35m (5.9ms)[0m  COMMIT
Redirected to http://localhost:3000/categories/1/posts/6
Completed 302 Found in 13ms (ActiveRecord: 7.6ms)


Started GET "/categories/1/posts/6" for 127.0.0.1 at 2014-12-12 19:15:59 -0500
Processing by PostsController#show as HTML
  Parameters: {"category_id"=>"1", "id"=>"6"}
  [1m[36mCategory Load (0.1ms)[0m  [1mSELECT  "categories".* FROM "categories"  WHERE "categories"."id" = $1 LIMIT 1[0m  [["id", 1]]
  [1m[35mPost Load (0.1ms)[0m  SELECT  "posts".* FROM "posts"  WHERE "posts"."category_id" = $1 AND "posts"."id" = $2 LIMIT 1  [["category_id", 1], ["id", 6]]
  [1m[36mUser Load (0.3ms)[0m  [1mSELECT  "users".* FROM "users"  WHERE "users"."id" = 2 LIMIT 1[0m
  [1m[35mPost Load (0.1ms)[0m  SELECT "posts".* FROM "posts"  WHERE "posts"."parent_id" = $1  [["parent_id", 6]]
  Rendered posts/_post_comments.html.erb (0.1ms)
  Rendered posts/_post_comments.html.erb (0.0ms)
  Rendered posts/show.html.erb within layouts/application (3.3ms)
Completed 200 OK in 26ms (Views: 23.9ms | ActiveRecord: 0.6ms)


Started GET "/assets/application.css?body=1" for 127.0.0.1 at 2014-12-12 19:15:59 -0500


Started GET "/assets/jquery_ujs.js?body=1" for 127.0.0.1 at 2014-12-12 19:15:59 -0500


Started GET "/assets/jquery.js?body=1" for 127.0.0.1 at 2014-12-12 19:15:59 -0500


Started GET "/assets/application.js?body=1" for 127.0.0.1 at 2014-12-12 19:15:59 -0500


Started GET "/assets/turbolinks.js?body=1" for 127.0.0.1 at 2014-12-12 19:15:59 -0500


Started GET "/categories/1/posts" for 127.0.0.1 at 2014-12-12 19:16:02 -0500
Processing by PostsController#index as HTML
  Parameters: {"category_id"=>"1"}
  [1m[36mCategory Load (0.1ms)[0m  [1mSELECT  "categories".* FROM "categories"  WHERE "categories"."id" = $1 LIMIT 1[0m  [["id", 1]]
  [1m[35mUser Load (0.3ms)[0m  SELECT  "users".* FROM "users"  WHERE "users"."id" = 2 LIMIT 1
  [1m[36mPost Load (0.1ms)[0m  [1mSELECT "posts".* FROM "posts"  WHERE "posts"."category_id" = $1 AND "posts"."parent_id" IS NULL[0m  [["category_id", 1]]
  Rendered posts/index.html.erb within layouts/application (2.7ms)
Completed 200 OK in 62ms (Views: 59.7ms | ActiveRecord: 0.6ms)


Started GET "/categories/1/posts/6" for 127.0.0.1 at 2014-12-12 19:16:05 -0500
Processing by PostsController#show as HTML
  Parameters: {"category_id"=>"1", "id"=>"6"}
  [1m[35mCategory Load (0.2ms)[0m  SELECT  "categories".* FROM "categories"  WHERE "categories"."id" = $1 LIMIT 1  [["id", 1]]
  [1m[36mPost Load (0.1ms)[0m  [1mSELECT  "posts".* FROM "posts"  WHERE "posts"."category_id" = $1 AND "posts"."id" = $2 LIMIT 1[0m  [["category_id", 1], ["id", 6]]
  [1m[35mUser Load (0.3ms)[0m  SELECT  "users".* FROM "users"  WHERE "users"."id" = 2 LIMIT 1
  [1m[36mPost Load (0.1ms)[0m  [1mSELECT "posts".* FROM "posts"  WHERE "posts"."parent_id" = $1[0m  [["parent_id", 6]]
  Rendered posts/_post_comments.html.erb (0.1ms)
  Rendered posts/_post_comments.html.erb (0.1ms)
  Rendered posts/show.html.erb within layouts/application (4.3ms)
Completed 200 OK in 29ms (Views: 26.5ms | ActiveRecord: 0.8ms)
  [1m[36mActiveRecord::SchemaMigration Load (0.4ms)[0m  [1mSELECT "schema_migrations".* FROM "schema_migrations"[0m
Migrating to CreateUsernames (20141213012702)
  [1m[35m (0.1ms)[0m  BEGIN
  [1m[36m (16.0ms)[0m  [1mCREATE TABLE "usernames" ("id" serial primary key, "email" character varying(255), "password_digest" character varying(255), "created_at" timestamp, "updated_at" timestamp) [0m
  [1m[35mSQL (0.2ms)[0m  INSERT INTO "schema_migrations" ("version") VALUES ($1)  [["version", "20141213012702"]]
  [1m[36m (6.0ms)[0m  [1mCOMMIT[0m
Migrating to CreateAdmins (20141213013005)
  [1m[35m (5.5ms)[0m  BEGIN
  [1m[36m (13.1ms)[0m  [1mCREATE TABLE "admins" ("id" serial primary key, "username" character varying(255), "email" character varying(255), "password_digest" character varying(255), "created_at" timestamp, "updated_at" timestamp) [0m
  [1m[35mSQL (0.1ms)[0m  INSERT INTO "schema_migrations" ("version") VALUES ($1)  [["version", "20141213013005"]]
  [1m[36m (0.3ms)[0m  [1mCOMMIT[0m
  [1m[35mActiveRecord::SchemaMigration Load (0.5ms)[0m  SELECT "schema_migrations".* FROM "schema_migrations"
  [1m[36m (0.3ms)[0m  [1mBEGIN[0m
  [1m[35m (0.1ms)[0m  ROLLBACK
  [1m[36m (0.2ms)[0m  [1mBEGIN[0m
  [1m[35mSQL (6.8ms)[0m  INSERT INTO "admins" ("created_at", "email", "password_digest", "updated_at", "username") VALUES ($1, $2, $3, $4, $5) RETURNING "id"  [["created_at", "2014-12-13 01:34:18.974608"], ["email", "Hiii"], ["password_digest", "$2a$10$eyVNonUOwzewtRdZTCJfOOkM6INRwpgmLkvQzUKm2l.Bm6MJSKC8G"], ["updated_at", "2014-12-13 01:34:18.974608"], ["username", "Z"]]
  [1m[36m (6.4ms)[0m  [1mCOMMIT[0m
  [1m[36mAdmin Load (0.4ms)[0m  [1mSELECT "admins".* FROM "admins"[0m
  [1m[35mAdmin Load (0.6ms)[0m  SELECT  "admins".* FROM "admins"   ORDER BY "admins"."id" ASC LIMIT 1
PG::UndefinedColumn: ERROR:  column categories.admin_id does not exist
LINE 1: SELECT "categories".* FROM "categories"  WHERE "categories"....
                                                       ^
: SELECT "categories".* FROM "categories"  WHERE "categories"."admin_id" = $1
  [1m[36mAdmin Load (1.6ms)[0m  [1mSELECT  "admins".* FROM "admins"   ORDER BY "admins"."id" ASC LIMIT 1[0m
PG::UndefinedColumn: ERROR:  column categories.admin_id does not exist
LINE 1: SELECT "categories".* FROM "categories"  WHERE "categories"....
                                                       ^
: SELECT "categories".* FROM "categories"  WHERE "categories"."admin_id" = $1
  [1m[36mActiveRecord::SchemaMigration Load (0.4ms)[0m  [1mSELECT "schema_migrations".* FROM "schema_migrations"[0m
Migrating to AddReferencesAdminToCategories (20141213014517)
  [1m[35m (0.1ms)[0m  BEGIN
  [1m[36m (0.7ms)[0m  [1mALTER TABLE "categories" ADD COLUMN "admin_id" integer[0m
  [1m[35mSQL (0.2ms)[0m  INSERT INTO "schema_migrations" ("version") VALUES ($1)  [["version", "20141213014517"]]
  [1m[36m (6.1ms)[0m  [1mCOMMIT[0m
  [1m[35mActiveRecord::SchemaMigration Load (0.2ms)[0m  SELECT "schema_migrations".* FROM "schema_migrations"
  [1m[36mAdmin Load (1.5ms)[0m  [1mSELECT  "admins".* FROM "admins"   ORDER BY "admins"."id" ASC LIMIT 1[0m
  [1m[35mCategory Load (0.4ms)[0m  SELECT "categories".* FROM "categories"  WHERE "categories"."admin_id" = $1  [["admin_id", 1]]


Started GET "/" for 127.0.0.1 at 2014-12-12 21:01:23 -0500
  [1m[36mActiveRecord::SchemaMigration Load (0.4ms)[0m  [1mSELECT "schema_migrations".* FROM "schema_migrations"[0m
Processing by CategoriesController#index as HTML
  [1m[35mCategory Load (0.5ms)[0m  SELECT "categories".* FROM "categories"
  Rendered categories/index.html.erb within layouts/application (9.2ms)
  [1m[36mUser Load (0.5ms)[0m  [1mSELECT  "users".* FROM "users"  WHERE "users"."id" = 2 LIMIT 1[0m
Completed 200 OK in 376ms (Views: 353.7ms | ActiveRecord: 4.2ms)


Started GET "/" for 127.0.0.1 at 2014-12-12 21:01:24 -0500
Processing by CategoriesController#index as HTML
  [1m[35mCategory Load (0.2ms)[0m  SELECT "categories".* FROM "categories"
  Rendered categories/index.html.erb within layouts/application (1.2ms)
  [1m[36mUser Load (0.3ms)[0m  [1mSELECT  "users".* FROM "users"  WHERE "users"."id" = 2 LIMIT 1[0m
Completed 200 OK in 30ms (Views: 28.8ms | ActiveRecord: 0.5ms)


Started GET "/assets/admins.css?body=1" for 127.0.0.1 at 2014-12-12 21:01:24 -0500


Started GET "/assets/jquery.js?body=1" for 127.0.0.1 at 2014-12-12 21:01:24 -0500


Started GET "/assets/jquery_ujs.js?body=1" for 127.0.0.1 at 2014-12-12 21:01:24 -0500


Started GET "/assets/turbolinks.js?body=1" for 127.0.0.1 at 2014-12-12 21:01:24 -0500


Started GET "/assets/admins.js?body=1" for 127.0.0.1 at 2014-12-12 21:01:24 -0500


Started GET "/assets/application.css?body=1" for 127.0.0.1 at 2014-12-12 21:01:24 -0500


Started GET "/assets/application.js?body=1" for 127.0.0.1 at 2014-12-12 21:01:24 -0500


Started GET "/admins/new" for 127.0.0.1 at 2014-12-12 21:01:34 -0500
Processing by AdminsController#new as HTML
  Rendered admins/new.html.erb within layouts/application (13.7ms)
Completed 500 Internal Server Error in 25ms

ActionView::Template::Error (undefined method `admins_path' for #<#<Class:0x007ffa4b623f98>:0x007ffa4b62acd0>):
    1: <%= form_for @admin do |f| %>
    2:   <%= f.label :username %>
    3:   <%= f.text_field :username %><br>
    4:   <br>
  app/views/admins/new.html.erb:1:in `_app_views_admins_new_html_erb___891452126597538070_70356491670360'
  app/controllers/admins_controller.rb:4:in `new'


  Rendered /Users/zahidjethani/.rbenv/versions/2.0.0-p481/lib/ruby/gems/2.0.0/gems/actionpack-4.1.6/lib/action_dispatch/middleware/templates/rescues/_trace.html.erb (1.4ms)
  Rendered /Users/zahidjethani/.rbenv/versions/2.0.0-p481/lib/ruby/gems/2.0.0/gems/actionpack-4.1.6/lib/action_dispatch/middleware/templates/rescues/_request_and_response.html.erb (0.9ms)
  Rendered /Users/zahidjethani/.rbenv/versions/2.0.0-p481/lib/ruby/gems/2.0.0/gems/actionpack-4.1.6/lib/action_dispatch/middleware/templates/rescues/template_error.html.erb within rescues/layout (13.1ms)


Started GET "/admins/new" for 127.0.0.1 at 2014-12-12 21:04:45 -0500

ActionController::RoutingError (No route matches [GET] "/admins/new"):
  actionpack (4.1.6) lib/action_dispatch/middleware/debug_exceptions.rb:21:in `call'
  actionpack (4.1.6) lib/action_dispatch/middleware/show_exceptions.rb:30:in `call'
  railties (4.1.6) lib/rails/rack/logger.rb:38:in `call_app'
  railties (4.1.6) lib/rails/rack/logger.rb:20:in `block in call'
  activesupport (4.1.6) lib/active_support/tagged_logging.rb:68:in `block in tagged'
  activesupport (4.1.6) lib/active_support/tagged_logging.rb:26:in `tagged'
  activesupport (4.1.6) lib/active_support/tagged_logging.rb:68:in `tagged'
  railties (4.1.6) lib/rails/rack/logger.rb:20:in `call'
  actionpack (4.1.6) lib/action_dispatch/middleware/request_id.rb:21:in `call'
  rack (1.5.2) lib/rack/methodoverride.rb:21:in `call'
  rack (1.5.2) lib/rack/runtime.rb:17:in `call'
  activesupport (4.1.6) lib/active_support/cache/strategy/local_cache_middleware.rb:26:in `call'
  rack (1.5.2) lib/rack/lock.rb:17:in `call'
  actionpack (4.1.6) lib/action_dispatch/middleware/static.rb:64:in `call'
  rack (1.5.2) lib/rack/sendfile.rb:112:in `call'
  railties (4.1.6) lib/rails/engine.rb:514:in `call'
  railties (4.1.6) lib/rails/application.rb:144:in `call'
  rack (1.5.2) lib/rack/lock.rb:17:in `call'
  rack (1.5.2) lib/rack/content_length.rb:14:in `call'
  rack (1.5.2) lib/rack/handler/webrick.rb:60:in `service'
  /Users/zahidjethani/.rbenv/versions/2.0.0-p481/lib/ruby/2.0.0/webrick/httpserver.rb:138:in `service'
  /Users/zahidjethani/.rbenv/versions/2.0.0-p481/lib/ruby/2.0.0/webrick/httpserver.rb:94:in `run'
  /Users/zahidjethani/.rbenv/versions/2.0.0-p481/lib/ruby/2.0.0/webrick/server.rb:295:in `block in start_thread'


  Rendered /Users/zahidjethani/.rbenv/versions/2.0.0-p481/lib/ruby/gems/2.0.0/gems/actionpack-4.1.6/lib/action_dispatch/middleware/templates/rescues/_trace.html.erb (0.7ms)
  Rendered /Users/zahidjethani/.rbenv/versions/2.0.0-p481/lib/ruby/gems/2.0.0/gems/actionpack-4.1.6/lib/action_dispatch/middleware/templates/routes/_route.html.erb (38.7ms)
  Rendered /Users/zahidjethani/.rbenv/versions/2.0.0-p481/lib/ruby/gems/2.0.0/gems/actionpack-4.1.6/lib/action_dispatch/middleware/templates/routes/_table.html.erb (7.0ms)
  Rendered /Users/zahidjethani/.rbenv/versions/2.0.0-p481/lib/ruby/gems/2.0.0/gems/actionpack-4.1.6/lib/action_dispatch/middleware/templates/rescues/routing_error.html.erb within rescues/layout (71.7ms)


Started GET "/admins/new" for 127.0.0.1 at 2014-12-12 21:04:51 -0500
Processing by AdminsController#new as HTML
  Rendered admins/new.html.erb within layouts/application (25.1ms)
  [1m[35mUser Load (0.4ms)[0m  SELECT  "users".* FROM "users"  WHERE "users"."id" = 2 LIMIT 1
Completed 200 OK in 63ms (Views: 56.4ms | ActiveRecord: 3.1ms)


Started GET "/assets/application.css?body=1" for 127.0.0.1 at 2014-12-12 21:04:51 -0500


Started GET "/assets/admins.css?body=1" for 127.0.0.1 at 2014-12-12 21:04:51 -0500


Started GET "/assets/turbolinks.js?body=1" for 127.0.0.1 at 2014-12-12 21:04:51 -0500


Started GET "/assets/jquery_ujs.js?body=1" for 127.0.0.1 at 2014-12-12 21:04:51 -0500


Started GET "/assets/jquery.js?body=1" for 127.0.0.1 at 2014-12-12 21:04:51 -0500


Started GET "/assets/admins.js?body=1" for 127.0.0.1 at 2014-12-12 21:04:51 -0500


Started GET "/assets/application.js?body=1" for 127.0.0.1 at 2014-12-12 21:04:51 -0500


Started POST "/admins" for 127.0.0.1 at 2014-12-12 21:05:30 -0500
Processing by AdminsController#create as HTML
  Parameters: {"utf8"=>"✓", "authenticity_token"=>"TZeZgG2R/aB/U+wBcitEL7QdertDylx7gl3Myk05b24=", "admin"=>{"username"=>"Zahid", "email"=>"zahid.jethani@gmail.com", "password"=>"[FILTERED]", "password_confirmation"=>"[FILTERED]"}, "commit"=>"Create Admin"}
Unpermitted parameters: password_confirmation
  [1m[36m (0.2ms)[0m  [1mBEGIN[0m
  [1m[35mAdmin Exists (0.5ms)[0m  SELECT  1 AS one FROM "admins"  WHERE "admins"."username" = 'Zahid' LIMIT 1
  [1m[36mAdmin Exists (0.2ms)[0m  [1mSELECT  1 AS one FROM "admins"  WHERE "admins"."email" = 'zahid.jethani@gmail.com' LIMIT 1[0m
  [1m[35mSQL (0.3ms)[0m  INSERT INTO "admins" ("created_at", "email", "password_digest", "updated_at", "username") VALUES ($1, $2, $3, $4, $5) RETURNING "id"  [["created_at", "2014-12-13 02:05:30.882714"], ["email", "zahid.jethani@gmail.com"], ["password_digest", "$2a$10$v9yhjwJW7OP.qw.knSkms.GVZ8WN3jF/lR1R4l8NC4te4TqisqcP."], ["updated_at", "2014-12-13 02:05:30.882714"], ["username", "Zahid"]]
  [1m[36m (6.2ms)[0m  [1mCOMMIT[0m
Completed 500 Internal Server Error in 100ms

ActionController::UrlGenerationError (No route matches {:action=>"show", :controller=>"admins"} missing required keys: [:id]):
  app/controllers/admins_controller.rb:11:in `create'


  Rendered /Users/zahidjethani/.rbenv/versions/2.0.0-p481/lib/ruby/gems/2.0.0/gems/actionpack-4.1.6/lib/action_dispatch/middleware/templates/rescues/_source.erb (0.6ms)
  Rendered /Users/zahidjethani/.rbenv/versions/2.0.0-p481/lib/ruby/gems/2.0.0/gems/actionpack-4.1.6/lib/action_dispatch/middleware/templates/rescues/_trace.html.erb (1.0ms)
  Rendered /Users/zahidjethani/.rbenv/versions/2.0.0-p481/lib/ruby/gems/2.0.0/gems/actionpack-4.1.6/lib/action_dispatch/middleware/templates/rescues/_request_and_response.html.erb (0.9ms)
  Rendered /Users/zahidjethani/.rbenv/versions/2.0.0-p481/lib/ruby/gems/2.0.0/gems/actionpack-4.1.6/lib/action_dispatch/middleware/templates/rescues/diagnostics.erb within rescues/layout (15.7ms)


Started GET "/admins/new" for 127.0.0.1 at 2014-12-12 21:07:53 -0500
Processing by AdminsController#new as HTML
  Rendered admins/new.html.erb within layouts/application (2.5ms)
  [1m[35mUser Load (0.3ms)[0m  SELECT  "users".* FROM "users"  WHERE "users"."id" = 2 LIMIT 1
Completed 200 OK in 31ms (Views: 29.5ms | ActiveRecord: 0.3ms)


Started GET "/assets/admins.css?body=1" for 127.0.0.1 at 2014-12-12 21:07:53 -0500


Started GET "/assets/jquery.js?body=1" for 127.0.0.1 at 2014-12-12 21:07:53 -0500


Started GET "/assets/application.css?body=1" for 127.0.0.1 at 2014-12-12 21:07:53 -0500


Started GET "/assets/application.js?body=1" for 127.0.0.1 at 2014-12-12 21:07:53 -0500


Started GET "/assets/jquery_ujs.js?body=1" for 127.0.0.1 at 2014-12-12 21:07:53 -0500


Started GET "/assets/admins.js?body=1" for 127.0.0.1 at 2014-12-12 21:07:53 -0500


Started GET "/assets/turbolinks.js?body=1" for 127.0.0.1 at 2014-12-12 21:07:53 -0500


Started POST "/admins" for 127.0.0.1 at 2014-12-12 21:08:09 -0500
Processing by AdminsController#create as HTML
  Parameters: {"utf8"=>"✓", "authenticity_token"=>"TZeZgG2R/aB/U+wBcitEL7QdertDylx7gl3Myk05b24=", "admin"=>{"username"=>"Zahid", "email"=>"dajfhdja@gmail.com", "password"=>"[FILTERED]", "password_confirmation"=>"[FILTERED]"}, "commit"=>"Create Admin"}
Unpermitted parameters: password_confirmation
  [1m[36m (0.1ms)[0m  [1mBEGIN[0m
  [1m[35mAdmin Exists (0.3ms)[0m  SELECT  1 AS one FROM "admins"  WHERE "admins"."username" = 'Zahid' LIMIT 1
  [1m[36mAdmin Exists (0.2ms)[0m  [1mSELECT  1 AS one FROM "admins"  WHERE "admins"."email" = 'dajfhdja@gmail.com' LIMIT 1[0m
  [1m[35m (0.1ms)[0m  ROLLBACK
  Rendered admins/new.html.erb within layouts/application (2.7ms)
  [1m[36mUser Load (0.4ms)[0m  [1mSELECT  "users".* FROM "users"  WHERE "users"."id" = 2 LIMIT 1[0m
Completed 200 OK in 196ms (Views: 121.0ms | ActiveRecord: 1.2ms)


Started GET "/assets/admins.css?body=1" for 127.0.0.1 at 2014-12-12 21:08:09 -0500


Started GET "/assets/application.css?body=1" for 127.0.0.1 at 2014-12-12 21:08:09 -0500


Started GET "/assets/admins.js?body=1" for 127.0.0.1 at 2014-12-12 21:08:09 -0500


Started GET "/assets/jquery.js?body=1" for 127.0.0.1 at 2014-12-12 21:08:09 -0500


Started GET "/assets/turbolinks.js?body=1" for 127.0.0.1 at 2014-12-12 21:08:09 -0500


Started GET "/assets/jquery_ujs.js?body=1" for 127.0.0.1 at 2014-12-12 21:08:09 -0500


Started GET "/assets/application.js?body=1" for 127.0.0.1 at 2014-12-12 21:08:09 -0500


Started POST "/admins" for 127.0.0.1 at 2014-12-12 21:10:09 -0500
Processing by AdminsController#create as HTML
  Parameters: {"utf8"=>"✓", "authenticity_token"=>"TZeZgG2R/aB/U+wBcitEL7QdertDylx7gl3Myk05b24=", "admin"=>{"username"=>"Boom", "email"=>"dajfhdja@gmail.com", "password"=>"[FILTERED]", "password_confirmation"=>"[FILTERED]"}, "commit"=>"Create Admin"}
Unpermitted parameters: password_confirmation
  [1m[35m (0.1ms)[0m  BEGIN
  [1m[36mAdmin Exists (0.3ms)[0m  [1mSELECT  1 AS one FROM "admins"  WHERE "admins"."username" = 'Boom' LIMIT 1[0m
  [1m[35mAdmin Exists (0.2ms)[0m  SELECT  1 AS one FROM "admins"  WHERE "admins"."email" = 'dajfhdja@gmail.com' LIMIT 1
  [1m[36mSQL (0.2ms)[0m  [1mINSERT INTO "admins" ("created_at", "email", "password_digest", "updated_at", "username") VALUES ($1, $2, $3, $4, $5) RETURNING "id"[0m  [["created_at", "2014-12-13 02:10:09.980218"], ["email", "dajfhdja@gmail.com"], ["password_digest", "$2a$10$iEKmdEleRj5S3SW45u2HI.9FS2fyKLFZfs7U.oIJEmQvR5l5SeMgK"], ["updated_at", "2014-12-13 02:10:09.980218"], ["username", "Boom"]]
  [1m[35m (7.7ms)[0m  COMMIT
Redirected to http://localhost:3000/admins/3
Completed 302 Found in 91ms (ActiveRecord: 9.6ms)


Started GET "/admins/3" for 127.0.0.1 at 2014-12-12 21:10:09 -0500
Processing by AdminsController#show as HTML
  Parameters: {"id"=>"3"}
  Rendered admins/show.html.erb within layouts/application (0.3ms)
  [1m[36mUser Load (0.3ms)[0m  [1mSELECT  "users".* FROM "users"  WHERE "users"."id" = 3 LIMIT 1[0m
Completed 200 OK in 33ms (Views: 32.6ms | ActiveRecord: 0.3ms)


Started GET "/assets/admins.css?body=1" for 127.0.0.1 at 2014-12-12 21:10:10 -0500


Started GET "/assets/application.css?body=1" for 127.0.0.1 at 2014-12-12 21:10:10 -0500


Started GET "/assets/jquery_ujs.js?body=1" for 127.0.0.1 at 2014-12-12 21:10:10 -0500


Started GET "/assets/jquery.js?body=1" for 127.0.0.1 at 2014-12-12 21:10:10 -0500


Started GET "/assets/admins.js?body=1" for 127.0.0.1 at 2014-12-12 21:10:10 -0500


Started GET "/assets/application.js?body=1" for 127.0.0.1 at 2014-12-12 21:10:10 -0500


Started GET "/assets/turbolinks.js?body=1" for 127.0.0.1 at 2014-12-12 21:10:10 -0500


Started GET "/admins/new" for 127.0.0.1 at 2014-12-12 21:11:56 -0500
Processing by AdminsController#new as HTML
  Rendered admins/new.html.erb within layouts/application (4.7ms)
  [1m[35mUser Load (0.3ms)[0m  SELECT  "users".* FROM "users"  WHERE "users"."id" = 3 LIMIT 1
Completed 200 OK in 38ms (Views: 32.3ms | ActiveRecord: 1.6ms)


Started GET "/assets/application.css?body=1" for 127.0.0.1 at 2014-12-12 21:11:56 -0500


Started GET "/assets/jquery_ujs.js?body=1" for 127.0.0.1 at 2014-12-12 21:11:56 -0500


Started GET "/assets/admins.js?body=1" for 127.0.0.1 at 2014-12-12 21:11:56 -0500


Started GET "/assets/admins.css?body=1" for 127.0.0.1 at 2014-12-12 21:11:56 -0500


Started GET "/assets/jquery.js?body=1" for 127.0.0.1 at 2014-12-12 21:11:56 -0500


Started GET "/assets/turbolinks.js?body=1" for 127.0.0.1 at 2014-12-12 21:11:56 -0500


Started GET "/assets/application.js?body=1" for 127.0.0.1 at 2014-12-12 21:11:56 -0500
  [1m[36mActiveRecord::SchemaMigration Load (0.3ms)[0m  [1mSELECT "schema_migrations".* FROM "schema_migrations"[0m
  [1m[35mActiveRecord::SchemaMigration Load (0.1ms)[0m  SELECT "schema_migrations".* FROM "schema_migrations"
  [1m[36mAdmin Load (1.0ms)[0m  [1mSELECT  "admins".* FROM "admins"   ORDER BY "admins"."id" DESC LIMIT 1[0m
